{"meta": {"format": 3, "version": "7.13.5", "timestamp": "2026-04-25T12:10:06.897044", "branch_coverage": false, "show_contexts": false}, "files": {"src/almasim/__init__.py": {"executed_lines": [1, 2, 12, 23], "summary": {"covered_lines": 4, "num_statements": 4, "percent_covered": 100.0, "percent_covered_display": "100", "missing_lines": 0, "excluded_lines": 0, "percent_statements_covered": 100.0, "percent_statements_covered_display": "100"}, "missing_lines": [], "excluded_lines": [], "functions": {"": {"executed_lines": [1, 2, 12, 23], "summary": {"covered_lines": 4, "num_statements": 4, "percent_covered": 100.0, "percent_covered_display": "100", "missing_lines": 0, "excluded_lines": 0, "percent_statements_covered": 100.0, "percent_statements_covered_display": "100"}, "missing_lines": [], "excluded_lines": [], "start_line": 1}}, "classes": {"": {"executed_lines": [1, 2, 12, 23], "summary": {"covered_lines": 4, "num_statements": 4, "percent_covered": 100.0, "percent_covered_display": "100", "missing_lines": 0, "excluded_lines": 0, "percent_statements_covered": 100.0, "percent_statements_covered_display": "100"}, "missing_lines": [], "excluded_lines": [], "start_line": 1}}}, "src/almasim/__version__.py": {"executed_lines": [1], "summary": {"covered_lines": 1, "num_statements": 1, "percent_covered": 100.0, "percent_covered_display": "100", "missing_lines": 0, "excluded_lines": 0, "percent_statements_covered": 100.0, "percent_statements_covered_display": "100"}, "missing_lines": [], "excluded_lines": [], "functions": {"": {"executed_lines": [1], "summary": {"covered_lines": 1, "num_statements": 1, "percent_covered": 100.0, "percent_covered_display": "100", "missing_lines": 0, "excluded_lines": 0, "percent_statements_covered": 100.0, "percent_statements_covered_display": "100"}, "missing_lines": [], "excluded_lines": [], "start_line": 1}}, "classes": {"": {"executed_lines": [1], "summary": {"covered_lines": 1, "num_statements": 1, "percent_covered": 100.0, "percent_covered_display": "100", "missing_lines": 0, "excluded_lines": 0, "percent_statements_covered": 100.0, "percent_statements_covered_display": "100"}, "missing_lines": [], "excluded_lines": [], "start_line": 1}}}, "src/almasim/services/__init__.py": {"executed_lines": [10, 12, 27, 29, 30, 31, 32, 36], "summary": {"covered_lines": 8, "num_statements": 9, "percent_covered": 88.88888888888889, "percent_covered_display": "89", "missing_lines": 1, "excluded_lines": 0, "percent_statements_covered": 88.88888888888889, "percent_statements_covered_display": "89"}, "missing_lines": [33], "excluded_lines": [], "functions": {"__getattr__": {"executed_lines": [29, 30, 31, 32], "summary": {"covered_lines": 4, "num_statements": 5, "percent_covered": 80.0, "percent_covered_display": "80", "missing_lines": 1, "excluded_lines": 0, "percent_statements_covered": 80.0, "percent_statements_covered_display": "80"}, "missing_lines": [33], "excluded_lines": [], "start_line": 27}, "": {"executed_lines": [10, 12, 27, 36], "summary": {"covered_lines": 4, "num_statements": 4, "percent_covered": 100.0, "percent_covered_display": "100", "missing_lines": 0, "excluded_lines": 0, "percent_statements_covered": 100.0, "percent_statements_covered_display": "100"}, "missing_lines": [], "excluded_lines": [], "start_line": 1}}, "classes": {"": {"executed_lines": [10, 12, 27, 29, 30, 31, 32, 36], "summary": {"covered_lines": 8, "num_statements": 9, "percent_covered": 88.88888888888889, "percent_covered_display": "89", "missing_lines": 1, "excluded_lines": 0, "percent_statements_covered": 88.88888888888889, "percent_statements_covered_display": "89"}, "missing_lines": [33], "excluded_lines": [], "start_line": 1}}}, "src/almasim/services/archive/__init__.py": {"executed_lines": [3, 7, 13], "summary": {"covered_lines": 3, "num_statements": 3, "percent_covered": 100.0, "percent_covered_display": "100", "missing_lines": 0, "excluded_lines": 0, "percent_statements_covered": 100.0, "percent_statements_covered_display": "100"}, "missing_lines": [], "excluded_lines": [], "functions": {"": {"executed_lines": [3, 7, 13], "summary": {"covered_lines": 3, "num_statements": 3, "percent_covered": 100.0, "percent_covered_display": "100", "missing_lines": 0, "excluded_lines": 0, "percent_statements_covered": 100.0, "percent_statements_covered_display": "100"}, "missing_lines": [], "excluded_lines": [], "start_line": 1}}, "classes": {"": {"executed_lines": [3, 7, 13], "summary": {"covered_lines": 3, "num_statements": 3, "percent_covered": 100.0, "percent_covered_display": "100", "missing_lines": 0, "excluded_lines": 0, "percent_statements_covered": 100.0, "percent_statements_covered_display": "100"}, "missing_lines": [], "excluded_lines": [], "start_line": 1}}}, "src/almasim/services/archive/calibrate_ms.py": {"executed_lines": [9, 11, 12, 13, 14, 15, 16, 17, 19, 27, 30, 32, 33, 34, 35, 36, 37, 38, 39, 40, 41, 44, 45, 46, 47, 50, 54, 55, 56, 57, 60, 61, 62, 63, 67, 70, 75, 76, 77, 79, 80, 81, 83, 84, 85, 87, 88, 89, 90, 92, 95, 97, 98, 99, 100, 101, 102, 103, 104, 105, 108, 110, 111, 112, 115, 156, 163, 164, 165, 166, 167, 168, 170, 172, 176, 179, 188, 191, 192, 193, 195, 196, 197, 198, 199, 200, 201, 202, 203, 205, 207, 210, 212, 214, 215, 216, 217, 218, 220, 222, 223, 224, 227, 236, 237, 238, 239, 240, 241, 242, 244, 245, 246, 250, 257, 258, 259, 260, 263, 264, 265, 266, 267, 268, 271, 274, 275, 276, 277, 278, 279, 280, 285, 289, 290, 291, 294, 349, 361], "summary": {"covered_lines": 139, "num_statements": 183, "percent_covered": 75.95628415300547, "percent_covered_display": "76", "missing_lines": 44, "excluded_lines": 0, "percent_statements_covered": 75.95628415300547, "percent_statements_covered_display": "76"}, "missing_lines": [42, 43, 82, 117, 118, 120, 122, 123, 124, 125, 127, 129, 130, 132, 139, 140, 141, 143, 144, 145, 147, 153, 173, 174, 307, 308, 309, 311, 312, 313, 315, 317, 318, 319, 320, 321, 329, 339, 340, 341, 342, 343, 344, 346], "excluded_lines": [], "functions": {"_safe_extract_tar": {"executed_lines": [32, 33, 34, 35, 36, 37, 38, 39, 40, 41, 44, 45, 46, 47], "summary": {"covered_lines": 14, "num_statements": 16, "percent_covered": 87.5, "percent_covered_display": "88", "missing_lines": 2, "excluded_lines": 0, "percent_statements_covered": 87.5, "percent_statements_covered_display": "88"}, "missing_lines": [42, 43], "excluded_lines": [], "start_line": 30}, "find_calibration_directory": {"executed_lines": [54, 55, 56, 57, 60, 61, 62, 63, 67], "summary": {"covered_lines": 9, "num_statements": 9, "percent_covered": 100.0, "percent_covered_display": "100", "missing_lines": 0, "excluded_lines": 0, "percent_statements_covered": 100.0, "percent_statements_covered_display": "100"}, "missing_lines": [], "excluded_lines": [], "start_line": 50}, "find_raw_ms_directories": {"executed_lines": [75, 76, 77, 79, 80, 81, 83, 84, 85, 87, 88, 89, 90, 92], "summary": {"covered_lines": 14, "num_statements": 15, "percent_covered": 93.33333333333333, "percent_covered_display": "93", "missing_lines": 1, "excluded_lines": 0, "percent_statements_covered": 93.33333333333333, "percent_statements_covered_display": "93"}, "missing_lines": [82], "excluded_lines": [], "start_line": 70}, "_parse_applycal_calls": {"executed_lines": [97, 98, 99, 100, 101, 102, 103, 104, 105, 108, 110, 111, 112], "summary": {"covered_lines": 13, "num_statements": 13, "percent_covered": 100.0, "percent_covered_display": "100", "missing_lines": 0, "excluded_lines": 0, "percent_statements_covered": 100.0, "percent_statements_covered_display": "100"}, "missing_lines": [], "excluded_lines": [], "start_line": 95}, "_normalize_intent": {"executed_lines": [], "summary": {"covered_lines": 0, "num_statements": 19, "percent_covered": 0.0, "percent_covered_display": "0", "missing_lines": 19, "excluded_lines": 0, "percent_statements_covered": 0.0, "percent_statements_covered_display": "0"}, "missing_lines": [117, 118, 120, 122, 123, 124, 125, 127, 129, 130, 132, 139, 140, 141, 143, 144, 145, 147, 153], "excluded_lines": [], "start_line": 115}, "_prepare_working_directory": {"executed_lines": [163, 164, 165, 166, 167, 168, 170, 172, 176], "summary": {"covered_lines": 9, "num_statements": 11, "percent_covered": 81.81818181818181, "percent_covered_display": "82", "missing_lines": 2, "excluded_lines": 0, "percent_statements_covered": 81.81818181818181, "percent_statements_covered_display": "82"}, "missing_lines": [173, 174], "excluded_lines": [], "start_line": 156}, "apply_delivered_calibration": {"executed_lines": [188, 191, 192, 193, 195, 196, 197, 198, 199, 200, 201, 202, 203, 205, 207], "summary": {"covered_lines": 15, "num_statements": 15, "percent_covered": 100.0, "percent_covered_display": "100", "missing_lines": 0, "excluded_lines": 0, "percent_statements_covered": 100.0, "percent_statements_covered_display": "100"}, "missing_lines": [], "excluded_lines": [], "start_line": 179}, "science_spws": {"executed_lines": [212, 214, 215, 216, 217, 218, 220, 222, 223, 224], "summary": {"covered_lines": 10, "num_statements": 10, "percent_covered": 100.0, "percent_covered_display": "100", "missing_lines": 0, "excluded_lines": 0, "percent_statements_covered": 100.0, "percent_statements_covered_display": "100"}, "missing_lines": [], "excluded_lines": [], "start_line": 210}, "split_calibrated_science_ms": {"executed_lines": [236, 237, 238, 239, 240, 241, 242, 244, 245, 246, 250, 257, 258, 259, 260], "summary": {"covered_lines": 15, "num_statements": 15, "percent_covered": 100.0, "percent_covered_display": "100", "missing_lines": 0, "excluded_lines": 0, "percent_statements_covered": 100.0, "percent_statements_covered_display": "100"}, "missing_lines": [], "excluded_lines": [], "start_line": 227}, "_is_relative_to": {"executed_lines": [264, 265, 266, 267, 268], "summary": {"covered_lines": 5, "num_statements": 5, "percent_covered": 100.0, "percent_covered_display": "100", "missing_lines": 0, "excluded_lines": 0, "percent_statements_covered": 100.0, "percent_statements_covered_display": "100"}, "missing_lines": [], "excluded_lines": [], "start_line": 263}, "_remove_tree_after_success": {"executed_lines": [274, 275, 276, 277, 278, 279, 280, 285, 289, 290, 291], "summary": {"covered_lines": 11, "num_statements": 11, "percent_covered": 100.0, "percent_covered_display": "100", "missing_lines": 0, "excluded_lines": 0, "percent_statements_covered": 100.0, "percent_statements_covered_display": "100"}, "missing_lines": [], "excluded_lines": [], "start_line": 271}, "create_calibrated_measurement_sets": {"executed_lines": [], "summary": {"covered_lines": 0, "num_statements": 20, "percent_covered": 0.0, "percent_covered_display": "0", "missing_lines": 20, "excluded_lines": 0, "percent_statements_covered": 0.0, "percent_statements_covered_display": "0"}, "missing_lines": [307, 308, 309, 311, 312, 313, 315, 317, 318, 319, 320, 321, 329, 339, 340, 341, 342, 343, 344, 346], "excluded_lines": [], "start_line": 294}, "restore_calibrated_measurement_sets": {"executed_lines": [361], "summary": {"covered_lines": 1, "num_statements": 1, "percent_covered": 100.0, "percent_covered_display": "100", "missing_lines": 0, "excluded_lines": 0, "percent_statements_covered": 100.0, "percent_statements_covered_display": "100"}, "missing_lines": [], "excluded_lines": [], "start_line": 349}, "": {"executed_lines": [9, 11, 12, 13, 14, 15, 16, 17, 19, 27, 30, 50, 70, 95, 115, 156, 179, 210, 227, 263, 271, 294, 349], "summary": {"covered_lines": 23, "num_statements": 23, "percent_covered": 100.0, "percent_covered_display": "100", "missing_lines": 0, "excluded_lines": 0, "percent_statements_covered": 100.0, "percent_statements_covered_display": "100"}, "missing_lines": [], "excluded_lines": [], "start_line": 1}}, "classes": {"": {"executed_lines": [9, 11, 12, 13, 14, 15, 16, 17, 19, 27, 30, 32, 33, 34, 35, 36, 37, 38, 39, 40, 41, 44, 45, 46, 47, 50, 54, 55, 56, 57, 60, 61, 62, 63, 67, 70, 75, 76, 77, 79, 80, 81, 83, 84, 85, 87, 88, 89, 90, 92, 95, 97, 98, 99, 100, 101, 102, 103, 104, 105, 108, 110, 111, 112, 115, 156, 163, 164, 165, 166, 167, 168, 170, 172, 176, 179, 188, 191, 192, 193, 195, 196, 197, 198, 199, 200, 201, 202, 203, 205, 207, 210, 212, 214, 215, 216, 217, 218, 220, 222, 223, 224, 227, 236, 237, 238, 239, 240, 241, 242, 244, 245, 246, 250, 257, 258, 259, 260, 263, 264, 265, 266, 267, 268, 271, 274, 275, 276, 277, 278, 279, 280, 285, 289, 290, 291, 294, 349, 361], "summary": {"covered_lines": 139, "num_statements": 183, "percent_covered": 75.95628415300547, "percent_covered_display": "76", "missing_lines": 44, "excluded_lines": 0, "percent_statements_covered": 75.95628415300547, "percent_statements_covered_display": "76"}, "missing_lines": [42, 43, 82, 117, 118, 120, 122, 123, 124, 125, 127, 129, 130, 132, 139, 140, 141, 143, 144, 145, 147, 153, 173, 174, 307, 308, 309, 311, 312, 313, 315, 317, 318, 319, 320, 321, 329, 339, 340, 341, 342, 343, 344, 346], "excluded_lines": [], "start_line": 1}}}, "src/almasim/services/archive/unpack_ms.py": {"executed_lines": [8, 10, 11, 12, 13, 15, 18, 21, 22, 23, 26, 28, 29, 32, 38, 39, 41, 42, 43, 45, 46, 47, 48, 50, 53, 58, 59, 60, 61, 62, 64, 65, 66, 68, 75, 76, 77, 78, 81, 87, 88, 89, 90, 92, 93, 99, 100, 101, 103, 106, 111, 112, 113, 115, 116, 117, 119, 120, 121, 123, 124, 125, 126, 128, 131, 133, 136, 144, 145, 146, 148, 149, 151, 152, 154, 155, 156, 157, 161, 163, 164, 165, 166, 167, 168, 174, 176, 177, 179, 180, 181, 184, 194, 195, 196, 197, 199, 201, 206, 210], "summary": {"covered_lines": 100, "num_statements": 101, "percent_covered": 99.00990099009901, "percent_covered_display": "99", "missing_lines": 1, "excluded_lines": 0, "percent_statements_covered": 99.00990099009901, "percent_statements_covered_display": "99"}, "missing_lines": [118], "excluded_lines": [], "functions": {"_emit": {"executed_lines": [22, 23], "summary": {"covered_lines": 2, "num_statements": 2, "percent_covered": 100.0, "percent_covered_display": "100", "missing_lines": 0, "excluded_lines": 0, "percent_statements_covered": 100.0, "percent_statements_covered_display": "100"}, "missing_lines": [], "excluded_lines": [], "start_line": 21}, "has_casa_runtime_data": {"executed_lines": [28, 29], "summary": {"covered_lines": 2, "num_statements": 2, "percent_covered": 100.0, "percent_covered_display": "100", "missing_lines": 0, "excluded_lines": 0, "percent_statements_covered": 100.0, "percent_statements_covered_display": "100"}, "missing_lines": [], "excluded_lines": [], "start_line": 26}, "find_existing_casa_data": {"executed_lines": [38, 39, 41, 42, 43, 45, 46, 47, 48, 50], "summary": {"covered_lines": 10, "num_statements": 10, "percent_covered": 100.0, "percent_covered_display": "100", "missing_lines": 0, "excluded_lines": 0, "percent_statements_covered": 100.0, "percent_statements_covered_display": "100"}, "missing_lines": [], "excluded_lines": [], "start_line": 32}, "configure_casa_environment": {"executed_lines": [58, 59, 60, 61, 62, 64, 65, 66, 68, 75, 76, 77, 78], "summary": {"covered_lines": 13, "num_statements": 13, "percent_covered": 100.0, "percent_covered_display": "100", "missing_lines": 0, "excluded_lines": 0, "percent_statements_covered": 100.0, "percent_statements_covered_display": "100"}, "missing_lines": [], "excluded_lines": [], "start_line": 53}, "ensure_casa_runtime_data": {"executed_lines": [87, 88, 89, 90, 92, 93, 99, 100, 101, 103], "summary": {"covered_lines": 10, "num_statements": 10, "percent_covered": 100.0, "percent_covered_display": "100", "missing_lines": 0, "excluded_lines": 0, "percent_statements_covered": 100.0, "percent_statements_covered_display": "100"}, "missing_lines": [], "excluded_lines": [], "start_line": 81}, "find_asdm_directories": {"executed_lines": [111, 112, 113, 115, 116, 117, 119, 120, 121, 123, 124, 125, 126, 128], "summary": {"covered_lines": 14, "num_statements": 15, "percent_covered": 93.33333333333333, "percent_covered_display": "93", "missing_lines": 1, "excluded_lines": 0, "percent_statements_covered": 93.33333333333333, "percent_statements_covered_display": "93"}, "missing_lines": [118], "excluded_lines": [], "start_line": 106}, "asdm_name": {"executed_lines": [133], "summary": {"covered_lines": 1, "num_statements": 1, "percent_covered": 100.0, "percent_covered_display": "100", "missing_lines": 0, "excluded_lines": 0, "percent_statements_covered": 100.0, "percent_statements_covered_display": "100"}, "missing_lines": [], "excluded_lines": [], "start_line": 131}, "create_measurement_set": {"executed_lines": [144, 145, 146, 148, 149, 151, 152, 154, 155, 156, 157, 161, 163, 164, 165, 166, 167, 168, 174, 176, 177, 179, 180, 181], "summary": {"covered_lines": 24, "num_statements": 24, "percent_covered": 100.0, "percent_covered_display": "100", "missing_lines": 0, "excluded_lines": 0, "percent_statements_covered": 100.0, "percent_statements_covered_display": "100"}, "missing_lines": [], "excluded_lines": [], "start_line": 136}, "create_measurement_sets": {"executed_lines": [194, 195, 196, 197, 199, 201, 206, 210], "summary": {"covered_lines": 8, "num_statements": 8, "percent_covered": 100.0, "percent_covered_display": "100", "missing_lines": 0, "excluded_lines": 0, "percent_statements_covered": 100.0, "percent_statements_covered_display": "100"}, "missing_lines": [], "excluded_lines": [], "start_line": 184}, "": {"executed_lines": [8, 10, 11, 12, 13, 15, 18, 21, 26, 32, 53, 81, 106, 131, 136, 184], "summary": {"covered_lines": 16, "num_statements": 16, "percent_covered": 100.0, "percent_covered_display": "100", "missing_lines": 0, "excluded_lines": 0, "percent_statements_covered": 100.0, "percent_statements_covered_display": "100"}, "missing_lines": [], "excluded_lines": [], "start_line": 1}}, "classes": {"": {"executed_lines": [8, 10, 11, 12, 13, 15, 18, 21, 22, 23, 26, 28, 29, 32, 38, 39, 41, 42, 43, 45, 46, 47, 48, 50, 53, 58, 59, 60, 61, 62, 64, 65, 66, 68, 75, 76, 77, 78, 81, 87, 88, 89, 90, 92, 93, 99, 100, 101, 103, 106, 111, 112, 113, 115, 116, 117, 119, 120, 121, 123, 124, 125, 126, 128, 131, 133, 136, 144, 145, 146, 148, 149, 151, 152, 154, 155, 156, 157, 161, 163, 164, 165, 166, 167, 168, 174, 176, 177, 179, 180, 181, 184, 194, 195, 196, 197, 199, 201, 206, 210], "summary": {"covered_lines": 100, "num_statements": 101, "percent_covered": 99.00990099009901, "percent_covered_display": "99", "missing_lines": 1, "excluded_lines": 0, "percent_statements_covered": 99.00990099009901, "percent_statements_covered_display": "99"}, "missing_lines": [118], "excluded_lines": [], "start_line": 1}}}, "src/almasim/services/astro/__init__.py": {"executed_lines": [3, 8, 9, 10, 18, 20], "summary": {"covered_lines": 6, "num_statements": 6, "percent_covered": 100.0, "percent_covered_display": "100", "missing_lines": 0, "excluded_lines": 0, "percent_statements_covered": 100.0, "percent_statements_covered_display": "100"}, "missing_lines": [], "excluded_lines": [], "functions": {"": {"executed_lines": [3, 8, 9, 10, 18, 20], "summary": {"covered_lines": 6, "num_statements": 6, "percent_covered": 100.0, "percent_covered_display": "100", "missing_lines": 0, "excluded_lines": 0, "percent_statements_covered": 100.0, "percent_statements_covered_display": "100"}, "missing_lines": [], "excluded_lines": [], "start_line": 1}}, "classes": {"": {"executed_lines": [3, 8, 9, 10, 18, 20], "summary": {"covered_lines": 6, "num_statements": 6, "percent_covered": 100.0, "percent_covered_display": "100", "missing_lines": 0, "excluded_lines": 0, "percent_statements_covered": 100.0, "percent_statements_covered_display": "100"}, "missing_lines": [], "excluded_lines": [], "start_line": 1}}}, "src/almasim/services/astro/lines.py": {"executed_lines": [3, 5, 6, 9, 20, 21, 24, 26, 27, 28, 29, 30, 31, 33, 36, 38, 41, 42, 43, 44, 45, 46, 47], "summary": {"covered_lines": 23, "num_statements": 23, "percent_covered": 100.0, "percent_covered_display": "100", "missing_lines": 0, "excluded_lines": 0, "percent_statements_covered": 100.0, "percent_statements_covered_display": "100"}, "missing_lines": [], "excluded_lines": [], "functions": {"read_line_emission_csv": {"executed_lines": [20, 21], "summary": {"covered_lines": 2, "num_statements": 2, "percent_covered": 100.0, "percent_covered_display": "100", "missing_lines": 0, "excluded_lines": 0, "percent_statements_covered": 100.0, "percent_statements_covered_display": "100"}, "missing_lines": [], "excluded_lines": [], "start_line": 9}, "get_line_info": {"executed_lines": [26, 27, 28, 29, 30, 31, 33], "summary": {"covered_lines": 7, "num_statements": 7, "percent_covered": 100.0, "percent_covered_display": "100", "missing_lines": 0, "excluded_lines": 0, "percent_statements_covered": 100.0, "percent_statements_covered_display": "100"}, "missing_lines": [], "excluded_lines": [], "start_line": 24}, "compute_rest_frequency_from_redshift": {"executed_lines": [38, 41, 42, 43, 44, 45, 46, 47], "summary": {"covered_lines": 8, "num_statements": 8, "percent_covered": 100.0, "percent_covered_display": "100", "missing_lines": 0, "excluded_lines": 0, "percent_statements_covered": 100.0, "percent_statements_covered_display": "100"}, "missing_lines": [], "excluded_lines": [], "start_line": 36}, "": {"executed_lines": [3, 5, 6, 9, 24, 36], "summary": {"covered_lines": 6, "num_statements": 6, "percent_covered": 100.0, "percent_covered_display": "100", "missing_lines": 0, "excluded_lines": 0, "percent_statements_covered": 100.0, "percent_statements_covered_display": "100"}, "missing_lines": [], "excluded_lines": [], "start_line": 1}}, "classes": {"": {"executed_lines": [3, 5, 6, 9, 20, 21, 24, 26, 27, 28, 29, 30, 31, 33, 36, 38, 41, 42, 43, 44, 45, 46, 47], "summary": {"covered_lines": 23, "num_statements": 23, "percent_covered": 100.0, "percent_covered_display": "100", "missing_lines": 0, "excluded_lines": 0, "percent_statements_covered": 100.0, "percent_statements_covered_display": "100"}, "missing_lines": [], "excluded_lines": [], "start_line": 1}}}, "src/almasim/services/astro/parameters.py": {"executed_lines": [3, 4, 6, 9, 90, 91, 93, 94, 95, 96, 97, 98, 99, 100, 101, 102, 103, 104, 105, 106, 107, 108, 109, 110, 111, 113, 114, 115, 116, 117, 119, 120, 122, 125, 130, 131, 132, 133], "summary": {"covered_lines": 38, "num_statements": 38, "percent_covered": 100.0, "percent_covered_display": "100", "missing_lines": 0, "excluded_lines": 0, "percent_statements_covered": 100.0, "percent_statements_covered_display": "100"}, "missing_lines": [], "excluded_lines": [], "functions": {"write_sim_parameters": {"executed_lines": [90, 91, 93, 94, 95, 96, 97, 98, 99, 100, 101, 102, 103, 104, 105, 106, 107, 108, 109, 110, 111, 113, 114, 115, 116, 117, 119, 120, 122, 125, 130, 131, 132, 133], "summary": {"covered_lines": 34, "num_statements": 34, "percent_covered": 100.0, "percent_covered_display": "100", "missing_lines": 0, "excluded_lines": 0, "percent_statements_covered": 100.0, "percent_statements_covered_display": "100"}, "missing_lines": [], "excluded_lines": [], "start_line": 9}, "": {"executed_lines": [3, 4, 6, 9], "summary": {"covered_lines": 4, "num_statements": 4, "percent_covered": 100.0, "percent_covered_display": "100", "missing_lines": 0, "excluded_lines": 0, "percent_statements_covered": 100.0, "percent_statements_covered_display": "100"}, "missing_lines": [], "excluded_lines": [], "start_line": 1}}, "classes": {"": {"executed_lines": [3, 4, 6, 9, 90, 91, 93, 94, 95, 96, 97, 98, 99, 100, 101, 102, 103, 104, 105, 106, 107, 108, 109, 110, 111, 113, 114, 115, 116, 117, 119, 120, 122, 125, 130, 131, 132, 133], "summary": {"covered_lines": 38, "num_statements": 38, "percent_covered": 100.0, "percent_covered_display": "100", "missing_lines": 0, "excluded_lines": 0, "percent_statements_covered": 100.0, "percent_statements_covered_display": "100"}, "missing_lines": [], "excluded_lines": [], "start_line": 1}}}, "src/almasim/services/astro/redshift.py": {"executed_lines": [4, 19, 20, 21, 22, 25, 26], "summary": {"covered_lines": 7, "num_statements": 7, "percent_covered": 100.0, "percent_covered_display": "100", "missing_lines": 0, "excluded_lines": 0, "percent_statements_covered": 100.0, "percent_statements_covered_display": "100"}, "missing_lines": [], "excluded_lines": [], "functions": {"compute_redshift": {"executed_lines": [19, 20, 21, 22, 25, 26], "summary": {"covered_lines": 6, "num_statements": 6, "percent_covered": 100.0, "percent_covered_display": "100", "missing_lines": 0, "excluded_lines": 0, "percent_statements_covered": 100.0, "percent_statements_covered_display": "100"}, "missing_lines": [], "excluded_lines": [], "start_line": 4}, "": {"executed_lines": [4], "summary": {"covered_lines": 1, "num_statements": 1, "percent_covered": 100.0, "percent_covered_display": "100", "missing_lines": 0, "excluded_lines": 0, "percent_statements_covered": 100.0, "percent_statements_covered_display": "100"}, "missing_lines": [], "excluded_lines": [], "start_line": 1}}, "classes": {"": {"executed_lines": [4, 19, 20, 21, 22, 25, 26], "summary": {"covered_lines": 7, "num_statements": 7, "percent_covered": 100.0, "percent_covered_display": "100", "missing_lines": 0, "excluded_lines": 0, "percent_statements_covered": 100.0, "percent_statements_covered_display": "100"}, "missing_lines": [], "excluded_lines": [], "start_line": 1}}}, "src/almasim/services/astro/spectral.py": {"executed_lines": [3, 5, 6, 7, 9, 10, 11, 12, 13, 15, 16, 17, 19, 22, 30, 103, 109, 159, 205, 281], "summary": {"covered_lines": 20, "num_statements": 219, "percent_covered": 9.132420091324201, "percent_covered_display": "9", "missing_lines": 199, "excluded_lines": 0, "percent_statements_covered": 9.132420091324201, "percent_statements_covered_display": "9"}, "missing_lines": [24, 25, 26, 27, 39, 40, 41, 42, 44, 46, 47, 48, 49, 50, 51, 53, 54, 55, 56, 57, 58, 59, 61, 65, 66, 68, 69, 70, 71, 72, 73, 74, 76, 77, 78, 79, 80, 81, 83, 84, 85, 89, 90, 93, 94, 95, 96, 97, 98, 99, 100, 105, 106, 120, 121, 122, 123, 124, 125, 126, 128, 129, 130, 131, 132, 133, 135, 136, 137, 138, 139, 140, 141, 142, 143, 145, 146, 147, 149, 150, 155, 156, 171, 172, 173, 174, 175, 176, 177, 178, 179, 180, 182, 184, 185, 186, 187, 188, 189, 199, 200, 201, 202, 217, 218, 219, 220, 221, 222, 223, 224, 225, 226, 227, 228, 229, 230, 231, 232, 233, 234, 235, 236, 237, 238, 239, 240, 241, 242, 243, 247, 251, 252, 253, 254, 255, 256, 257, 258, 259, 260, 261, 262, 263, 264, 265, 266, 267, 268, 269, 270, 271, 272, 273, 274, 275, 276, 277, 278, 298, 299, 300, 301, 310, 314, 315, 317, 318, 319, 331, 332, 333, 334, 336, 337, 338, 340, 341, 342, 343, 344, 345, 346, 347, 349, 350, 353, 354, 363, 368, 369, 370, 371, 372, 373, 374, 375, 377, 378], "excluded_lines": [], "functions": {"_log": {"executed_lines": [], "summary": {"covered_lines": 0, "num_statements": 4, "percent_covered": 0.0, "percent_covered_display": "0", "missing_lines": 4, "excluded_lines": 0, "percent_statements_covered": 0.0, "percent_statements_covered_display": "0"}, "missing_lines": [24, 25, 26, 27], "excluded_lines": [], "start_line": 22}, "sample_given_redshift": {"executed_lines": [], "summary": {"covered_lines": 0, "num_statements": 47, "percent_covered": 0.0, "percent_covered_display": "0", "missing_lines": 47, "excluded_lines": 0, "percent_statements_covered": 0.0, "percent_statements_covered_display": "0"}, "missing_lines": [39, 40, 41, 42, 44, 46, 47, 48, 49, 50, 51, 53, 54, 55, 56, 57, 58, 59, 61, 65, 66, 68, 69, 70, 71, 72, 73, 74, 76, 77, 78, 79, 80, 81, 83, 84, 85, 89, 90, 93, 94, 95, 96, 97, 98, 99, 100], "excluded_lines": [], "start_line": 30}, "cont_finder": {"executed_lines": [], "summary": {"covered_lines": 0, "num_statements": 2, "percent_covered": 0.0, "percent_covered_display": "0", "missing_lines": 2, "excluded_lines": 0, "percent_statements_covered": 0.0, "percent_statements_covered_display": "0"}, "missing_lines": [105, 106], "excluded_lines": [], "start_line": 103}, "normalize_sed": {"executed_lines": [], "summary": {"covered_lines": 0, "num_statements": 29, "percent_covered": 0.0, "percent_covered_display": "0", "missing_lines": 29, "excluded_lines": 0, "percent_statements_covered": 0.0, "percent_statements_covered_display": "0"}, "missing_lines": [120, 121, 122, 123, 124, 125, 126, 128, 129, 130, 131, 132, 133, 135, 136, 137, 138, 139, 140, 141, 142, 143, 145, 146, 147, 149, 150, 155, 156], "excluded_lines": [], "start_line": 109}, "sed_reading": {"executed_lines": [], "summary": {"covered_lines": 0, "num_statements": 21, "percent_covered": 0.0, "percent_covered_display": "0", "missing_lines": 21, "excluded_lines": 0, "percent_statements_covered": 0.0, "percent_statements_covered_display": "0"}, "missing_lines": [171, 172, 173, 174, 175, 176, 177, 178, 179, 180, 182, 184, 185, 186, 187, 188, 189, 199, 200, 201, 202], "excluded_lines": [], "start_line": 159}, "find_compatible_lines": {"executed_lines": [], "summary": {"covered_lines": 0, "num_statements": 56, "percent_covered": 0.0, "percent_covered_display": "0", "missing_lines": 56, "excluded_lines": 0, "percent_statements_covered": 0.0, "percent_statements_covered_display": "0"}, "missing_lines": [217, 218, 219, 220, 221, 222, 223, 224, 225, 226, 227, 228, 229, 230, 231, 232, 233, 234, 235, 236, 237, 238, 239, 240, 241, 242, 243, 247, 251, 252, 253, 254, 255, 256, 257, 258, 259, 260, 261, 262, 263, 264, 265, 266, 267, 268, 269, 270, 271, 272, 273, 274, 275, 276, 277, 278], "excluded_lines": [], "start_line": 205}, "process_spectral_data": {"executed_lines": [], "summary": {"covered_lines": 0, "num_statements": 40, "percent_covered": 0.0, "percent_covered_display": "0", "missing_lines": 40, "excluded_lines": 0, "percent_statements_covered": 0.0, "percent_statements_covered_display": "0"}, "missing_lines": [298, 299, 300, 301, 310, 314, 315, 317, 318, 319, 331, 332, 333, 334, 336, 337, 338, 340, 341, 342, 343, 344, 345, 346, 347, 349, 350, 353, 354, 363, 368, 369, 370, 371, 372, 373, 374, 375, 377, 378], "excluded_lines": [], "start_line": 281}, "": {"executed_lines": [3, 5, 6, 7, 9, 10, 11, 12, 13, 15, 16, 17, 19, 22, 30, 103, 109, 159, 205, 281], "summary": {"covered_lines": 20, "num_statements": 20, "percent_covered": 100.0, "percent_covered_display": "100", "missing_lines": 0, "excluded_lines": 0, "percent_statements_covered": 100.0, "percent_statements_covered_display": "100"}, "missing_lines": [], "excluded_lines": [], "start_line": 1}}, "classes": {"": {"executed_lines": [3, 5, 6, 7, 9, 10, 11, 12, 13, 15, 16, 17, 19, 22, 30, 103, 109, 159, 205, 281], "summary": {"covered_lines": 20, "num_statements": 219, "percent_covered": 9.132420091324201, "percent_covered_display": "9", "missing_lines": 199, "excluded_lines": 0, "percent_statements_covered": 9.132420091324201, "percent_statements_covered_display": "9"}, "missing_lines": [24, 25, 26, 27, 39, 40, 41, 42, 44, 46, 47, 48, 49, 50, 51, 53, 54, 55, 56, 57, 58, 59, 61, 65, 66, 68, 69, 70, 71, 72, 73, 74, 76, 77, 78, 79, 80, 81, 83, 84, 85, 89, 90, 93, 94, 95, 96, 97, 98, 99, 100, 105, 106, 120, 121, 122, 123, 124, 125, 126, 128, 129, 130, 131, 132, 133, 135, 136, 137, 138, 139, 140, 141, 142, 143, 145, 146, 147, 149, 150, 155, 156, 171, 172, 173, 174, 175, 176, 177, 178, 179, 180, 182, 184, 185, 186, 187, 188, 189, 199, 200, 201, 202, 217, 218, 219, 220, 221, 222, 223, 224, 225, 226, 227, 228, 229, 230, 231, 232, 233, 234, 235, 236, 237, 238, 239, 240, 241, 242, 243, 247, 251, 252, 253, 254, 255, 256, 257, 258, 259, 260, 261, 262, 263, 264, 265, 266, 267, 268, 269, 270, 271, 272, 273, 274, 275, 276, 277, 278, 298, 299, 300, 301, 310, 314, 315, 317, 318, 319, 331, 332, 333, 334, 336, 337, 338, 340, 341, 342, 343, 344, 345, 346, 347, 349, 350, 353, 354, 363, 368, 369, 370, 371, 372, 373, 374, 375, 377, 378], "excluded_lines": [], "start_line": 1}}}, "src/almasim/services/astro/tng.py": {"executed_lines": [3, 4, 6, 7, 8, 11, 13, 115, 116, 117, 118, 121, 138], "summary": {"covered_lines": 13, "num_statements": 51, "percent_covered": 25.49019607843137, "percent_covered_display": "25", "missing_lines": 38, "excluded_lines": 0, "percent_statements_covered": 25.49019607843137, "percent_statements_covered_display": "25"}, "missing_lines": [123, 124, 125, 126, 127, 128, 129, 130, 131, 132, 133, 134, 135, 140, 141, 142, 143, 144, 145, 148, 151, 155, 156, 157, 159, 160, 161, 162, 163, 164, 165, 167, 168, 169, 170, 171, 172, 173], "excluded_lines": [], "functions": {"redshift_to_snapshot": {"executed_lines": [13, 115, 116, 117, 118], "summary": {"covered_lines": 5, "num_statements": 5, "percent_covered": 100.0, "percent_covered_display": "100", "missing_lines": 0, "excluded_lines": 0, "percent_statements_covered": 100.0, "percent_statements_covered_display": "100"}, "missing_lines": [], "excluded_lines": [], "start_line": 11}, "get_data_from_hdf": {"executed_lines": [], "summary": {"covered_lines": 0, "num_statements": 13, "percent_covered": 0.0, "percent_covered_display": "0", "missing_lines": 13, "excluded_lines": 0, "percent_statements_covered": 0.0, "percent_statements_covered_display": "0"}, "missing_lines": [123, 124, 125, 126, 127, 128, 129, 130, 131, 132, 133, 134, 135], "excluded_lines": [], "start_line": 121}, "get_subhaloids_from_db": {"executed_lines": [], "summary": {"covered_lines": 0, "num_statements": 25, "percent_covered": 0.0, "percent_covered_display": "0", "missing_lines": 25, "excluded_lines": 0, "percent_statements_covered": 0.0, "percent_statements_covered_display": "0"}, "missing_lines": [140, 141, 142, 143, 144, 145, 148, 151, 155, 156, 157, 159, 160, 161, 162, 163, 164, 165, 167, 168, 169, 170, 171, 172, 173], "excluded_lines": [], "start_line": 138}, "": {"executed_lines": [3, 4, 6, 7, 8, 11, 121, 138], "summary": {"covered_lines": 8, "num_statements": 8, "percent_covered": 100.0, "percent_covered_display": "100", "missing_lines": 0, "excluded_lines": 0, "percent_statements_covered": 100.0, "percent_statements_covered_display": "100"}, "missing_lines": [], "excluded_lines": [], "start_line": 1}}, "classes": {"": {"executed_lines": [3, 4, 6, 7, 8, 11, 13, 115, 116, 117, 118, 121, 138], "summary": {"covered_lines": 13, "num_statements": 51, "percent_covered": 25.49019607843137, "percent_covered_display": "25", "missing_lines": 38, "excluded_lines": 0, "percent_statements_covered": 25.49019607843137, "percent_statements_covered_display": "25"}, "missing_lines": [123, 124, 125, 126, 127, 128, 129, 130, 131, 132, 133, 134, 135, 140, 141, 142, 143, 144, 145, 148, 151, 155, 156, 157, 159, 160, 161, 162, 163, 164, 165, 167, 168, 169, 170, 171, 172, 173], "excluded_lines": [], "start_line": 1}}}, "src/almasim/services/compute/__init__.py": {"executed_lines": [7, 8, 9, 10, 11, 12, 13, 15], "summary": {"covered_lines": 8, "num_statements": 8, "percent_covered": 100.0, "percent_covered_display": "100", "missing_lines": 0, "excluded_lines": 0, "percent_statements_covered": 100.0, "percent_statements_covered_display": "100"}, "missing_lines": [], "excluded_lines": [], "functions": {"": {"executed_lines": [7, 8, 9, 10, 11, 12, 13, 15], "summary": {"covered_lines": 8, "num_statements": 8, "percent_covered": 100.0, "percent_covered_display": "100", "missing_lines": 0, "excluded_lines": 0, "percent_statements_covered": 100.0, "percent_statements_covered_display": "100"}, "missing_lines": [], "excluded_lines": [], "start_line": 1}}, "classes": {"": {"executed_lines": [7, 8, 9, 10, 11, 12, 13, 15], "summary": {"covered_lines": 8, "num_statements": 8, "percent_covered": 100.0, "percent_covered_display": "100", "missing_lines": 0, "excluded_lines": 0, "percent_statements_covered": 100.0, "percent_statements_covered_display": "100"}, "missing_lines": [], "excluded_lines": [], "start_line": 1}}}, "src/almasim/services/compute/base.py": {"executed_lines": [3, 4, 6, 9, 16, 17, 34, 35, 52, 53, 68, 69, 84, 85, 89, 90, 94, 95], "summary": {"covered_lines": 18, "num_statements": 25, "percent_covered": 72.0, "percent_covered_display": "72", "missing_lines": 7, "excluded_lines": 0, "percent_statements_covered": 72.0, "percent_statements_covered_display": "72"}, "missing_lines": [32, 50, 66, 82, 87, 92, 97], "excluded_lines": [], "functions": {"ComputationBackend.scatter": {"executed_lines": [], "summary": {"covered_lines": 0, "num_statements": 1, "percent_covered": 0.0, "percent_covered_display": "0", "missing_lines": 1, "excluded_lines": 0, "percent_statements_covered": 0.0, "percent_statements_covered_display": "0"}, "missing_lines": [32], "excluded_lines": [], "start_line": 17}, "ComputationBackend.compute": {"executed_lines": [], "summary": {"covered_lines": 0, "num_statements": 1, "percent_covered": 0.0, "percent_covered_display": "0", "missing_lines": 1, "excluded_lines": 0, "percent_statements_covered": 0.0, "percent_statements_covered_display": "0"}, "missing_lines": [50], "excluded_lines": [], "start_line": 35}, "ComputationBackend.gather": {"executed_lines": [], "summary": {"covered_lines": 0, "num_statements": 1, "percent_covered": 0.0, "percent_covered_display": "0", "missing_lines": 1, "excluded_lines": 0, "percent_statements_covered": 0.0, "percent_statements_covered_display": "0"}, "missing_lines": [66], "excluded_lines": [], "start_line": 53}, "ComputationBackend.delayed": {"executed_lines": [], "summary": {"covered_lines": 0, "num_statements": 1, "percent_covered": 0.0, "percent_covered_display": "0", "missing_lines": 1, "excluded_lines": 0, "percent_statements_covered": 0.0, "percent_statements_covered_display": "0"}, "missing_lines": [82], "excluded_lines": [], "start_line": 69}, "ComputationBackend.close": {"executed_lines": [], "summary": {"covered_lines": 0, "num_statements": 1, "percent_covered": 0.0, "percent_covered_display": "0", "missing_lines": 1, "excluded_lines": 0, "percent_statements_covered": 0.0, "percent_statements_covered_display": "0"}, "missing_lines": [87], "excluded_lines": [], "start_line": 85}, "ComputationBackend.__enter__": {"executed_lines": [], "summary": {"covered_lines": 0, "num_statements": 1, "percent_covered": 0.0, "percent_covered_display": "0", "missing_lines": 1, "excluded_lines": 0, "percent_statements_covered": 0.0, "percent_statements_covered_display": "0"}, "missing_lines": [92], "excluded_lines": [], "start_line": 90}, "ComputationBackend.__exit__": {"executed_lines": [], "summary": {"covered_lines": 0, "num_statements": 1, "percent_covered": 0.0, "percent_covered_display": "0", "missing_lines": 1, "excluded_lines": 0, "percent_statements_covered": 0.0, "percent_statements_covered_display": "0"}, "missing_lines": [97], "excluded_lines": [], "start_line": 95}, "": {"executed_lines": [3, 4, 6, 9, 16, 17, 34, 35, 52, 53, 68, 69, 84, 85, 89, 90, 94, 95], "summary": {"covered_lines": 18, "num_statements": 18, "percent_covered": 100.0, "percent_covered_display": "100", "missing_lines": 0, "excluded_lines": 0, "percent_statements_covered": 100.0, "percent_statements_covered_display": "100"}, "missing_lines": [], "excluded_lines": [], "start_line": 1}}, "classes": {"ComputationBackend": {"executed_lines": [], "summary": {"covered_lines": 0, "num_statements": 7, "percent_covered": 0.0, "percent_covered_display": "0", "missing_lines": 7, "excluded_lines": 0, "percent_statements_covered": 0.0, "percent_statements_covered_display": "0"}, "missing_lines": [32, 50, 66, 82, 87, 92, 97], "excluded_lines": [], "start_line": 9}, "": {"executed_lines": [3, 4, 6, 9, 16, 17, 34, 35, 52, 53, 68, 69, 84, 85, 89, 90, 94, 95], "summary": {"covered_lines": 18, "num_statements": 18, "percent_covered": 100.0, "percent_covered_display": "100", "missing_lines": 0, "excluded_lines": 0, "percent_statements_covered": 100.0, "percent_statements_covered_display": "100"}, "missing_lines": [], "excluded_lines": [], "start_line": 1}}}, "src/almasim/services/compute/dask_backend.py": {"executed_lines": [3, 4, 5, 6, 7, 8, 10, 11, 12, 14, 21, 23, 24, 27, 30, 55, 145, 162, 168, 174, 183, 195, 204, 208], "summary": {"covered_lines": 24, "num_statements": 110, "percent_covered": 21.818181818181817, "percent_covered_display": "22", "missing_lines": 86, "excluded_lines": 0, "percent_statements_covered": 21.818181818181817, "percent_statements_covered_display": "22"}, "missing_lines": [15, 16, 17, 18, 19, 44, 45, 49, 50, 51, 52, 53, 63, 66, 67, 68, 69, 71, 72, 75, 76, 77, 78, 79, 80, 81, 82, 83, 84, 85, 87, 88, 89, 90, 91, 92, 94, 95, 96, 97, 101, 114, 115, 116, 117, 119, 124, 125, 126, 131, 133, 134, 135, 136, 137, 138, 147, 149, 152, 156, 157, 158, 159, 160, 164, 165, 166, 170, 171, 172, 176, 177, 178, 179, 181, 188, 189, 193, 197, 198, 199, 200, 201, 202, 206, 210], "excluded_lines": [], "functions": {"DaskBackend.__init__": {"executed_lines": [], "summary": {"covered_lines": 0, "num_statements": 7, "percent_covered": 0.0, "percent_covered_display": "0", "missing_lines": 7, "excluded_lines": 0, "percent_statements_covered": 0.0, "percent_statements_covered_display": "0"}, "missing_lines": [44, 45, 49, 50, 51, 52, 53], "excluded_lines": [], "start_line": 30}, "DaskBackend._upload_package_to_workers": {"executed_lines": [], "summary": {"covered_lines": 0, "num_statements": 36, "percent_covered": 0.0, "percent_covered_display": "0", "missing_lines": 36, "excluded_lines": 0, "percent_statements_covered": 0.0, "percent_statements_covered_display": "0"}, "missing_lines": [63, 66, 67, 68, 69, 71, 72, 75, 76, 77, 78, 79, 80, 81, 82, 83, 84, 85, 87, 88, 89, 90, 91, 92, 94, 95, 96, 97, 101, 114, 133, 134, 135, 136, 137, 138], "excluded_lines": [], "start_line": 55}, "DaskBackend._upload_package_to_workers._install_missing": {"executed_lines": [], "summary": {"covered_lines": 0, "num_statements": 8, "percent_covered": 0.0, "percent_covered_display": "0", "missing_lines": 8, "excluded_lines": 0, "percent_statements_covered": 0.0, "percent_statements_covered_display": "0"}, "missing_lines": [115, 116, 117, 119, 124, 125, 126, 131], "excluded_lines": [], "start_line": 114}, "DaskBackend._start_client": {"executed_lines": [], "summary": {"covered_lines": 0, "num_statements": 8, "percent_covered": 0.0, "percent_covered_display": "0", "missing_lines": 8, "excluded_lines": 0, "percent_statements_covered": 0.0, "percent_statements_covered_display": "0"}, "missing_lines": [147, 149, 152, 156, 157, 158, 159, 160], "excluded_lines": [], "start_line": 145}, "DaskBackend.scatter": {"executed_lines": [], "summary": {"covered_lines": 0, "num_statements": 3, "percent_covered": 0.0, "percent_covered_display": "0", "missing_lines": 3, "excluded_lines": 0, "percent_statements_covered": 0.0, "percent_statements_covered_display": "0"}, "missing_lines": [164, 165, 166], "excluded_lines": [], "start_line": 162}, "DaskBackend.compute": {"executed_lines": [], "summary": {"covered_lines": 0, "num_statements": 3, "percent_covered": 0.0, "percent_covered_display": "0", "missing_lines": 3, "excluded_lines": 0, "percent_statements_covered": 0.0, "percent_statements_covered_display": "0"}, "missing_lines": [170, 171, 172], "excluded_lines": [], "start_line": 168}, "DaskBackend.gather": {"executed_lines": [], "summary": {"covered_lines": 0, "num_statements": 5, "percent_covered": 0.0, "percent_covered_display": "0", "missing_lines": 5, "excluded_lines": 0, "percent_statements_covered": 0.0, "percent_statements_covered_display": "0"}, "missing_lines": [176, 177, 178, 179, 181], "excluded_lines": [], "start_line": 174}, "DaskBackend.delayed": {"executed_lines": [], "summary": {"covered_lines": 0, "num_statements": 3, "percent_covered": 0.0, "percent_covered_display": "0", "missing_lines": 3, "excluded_lines": 0, "percent_statements_covered": 0.0, "percent_statements_covered_display": "0"}, "missing_lines": [188, 189, 193], "excluded_lines": [], "start_line": 183}, "DaskBackend.close": {"executed_lines": [], "summary": {"covered_lines": 0, "num_statements": 6, "percent_covered": 0.0, "percent_covered_display": "0", "missing_lines": 6, "excluded_lines": 0, "percent_statements_covered": 0.0, "percent_statements_covered_display": "0"}, "missing_lines": [197, 198, 199, 200, 201, 202], "excluded_lines": [], "start_line": 195}, "DaskBackend.__enter__": {"executed_lines": [], "summary": {"covered_lines": 0, "num_statements": 1, "percent_covered": 0.0, "percent_covered_display": "0", "missing_lines": 1, "excluded_lines": 0, "percent_statements_covered": 0.0, "percent_statements_covered_display": "0"}, "missing_lines": [206], "excluded_lines": [], "start_line": 204}, "DaskBackend.__exit__": {"executed_lines": [], "summary": {"covered_lines": 0, "num_statements": 1, "percent_covered": 0.0, "percent_covered_display": "0", "missing_lines": 1, "excluded_lines": 0, "percent_statements_covered": 0.0, "percent_statements_covered_display": "0"}, "missing_lines": [210], "excluded_lines": [], "start_line": 208}, "": {"executed_lines": [3, 4, 5, 6, 7, 8, 10, 11, 12, 14, 21, 23, 24, 27, 30, 55, 145, 162, 168, 174, 183, 195, 204, 208], "summary": {"covered_lines": 24, "num_statements": 29, "percent_covered": 82.75862068965517, "percent_covered_display": "83", "missing_lines": 5, "excluded_lines": 0, "percent_statements_covered": 82.75862068965517, "percent_statements_covered_display": "83"}, "missing_lines": [15, 16, 17, 18, 19], "excluded_lines": [], "start_line": 1}}, "classes": {"DaskBackend": {"executed_lines": [], "summary": {"covered_lines": 0, "num_statements": 81, "percent_covered": 0.0, "percent_covered_display": "0", "missing_lines": 81, "excluded_lines": 0, "percent_statements_covered": 0.0, "percent_statements_covered_display": "0"}, "missing_lines": [44, 45, 49, 50, 51, 52, 53, 63, 66, 67, 68, 69, 71, 72, 75, 76, 77, 78, 79, 80, 81, 82, 83, 84, 85, 87, 88, 89, 90, 91, 92, 94, 95, 96, 97, 101, 114, 115, 116, 117, 119, 124, 125, 126, 131, 133, 134, 135, 136, 137, 138, 147, 149, 152, 156, 157, 158, 159, 160, 164, 165, 166, 170, 171, 172, 176, 177, 178, 179, 181, 188, 189, 193, 197, 198, 199, 200, 201, 202, 206, 210], "excluded_lines": [], "start_line": 27}, "": {"executed_lines": [3, 4, 5, 6, 7, 8, 10, 11, 12, 14, 21, 23, 24, 27, 30, 55, 145, 162, 168, 174, 183, 195, 204, 208], "summary": {"covered_lines": 24, "num_statements": 29, "percent_covered": 82.75862068965517, "percent_covered_display": "83", "missing_lines": 5, "excluded_lines": 0, "percent_statements_covered": 82.75862068965517, "percent_statements_covered_display": "83"}, "missing_lines": [15, 16, 17, 18, 19], "excluded_lines": [], "start_line": 1}}}, "src/almasim/services/compute/factory.py": {"executed_lines": [3, 5, 6, 7, 8, 9, 10, 13, 48, 50, 51, 52, 53, 54, 55, 56, 57, 58, 59, 61], "summary": {"covered_lines": 20, "num_statements": 20, "percent_covered": 100.0, "percent_covered_display": "100", "missing_lines": 0, "excluded_lines": 0, "percent_statements_covered": 100.0, "percent_statements_covered_display": "100"}, "missing_lines": [], "excluded_lines": [], "functions": {"create_backend": {"executed_lines": [48, 50, 51, 52, 53, 54, 55, 56, 57, 58, 59, 61], "summary": {"covered_lines": 12, "num_statements": 12, "percent_covered": 100.0, "percent_covered_display": "100", "missing_lines": 0, "excluded_lines": 0, "percent_statements_covered": 100.0, "percent_statements_covered_display": "100"}, "missing_lines": [], "excluded_lines": [], "start_line": 13}, "": {"executed_lines": [3, 5, 6, 7, 8, 9, 10, 13], "summary": {"covered_lines": 8, "num_statements": 8, "percent_covered": 100.0, "percent_covered_display": "100", "missing_lines": 0, "excluded_lines": 0, "percent_statements_covered": 100.0, "percent_statements_covered_display": "100"}, "missing_lines": [], "excluded_lines": [], "start_line": 1}}, "classes": {"": {"executed_lines": [3, 5, 6, 7, 8, 9, 10, 13, 48, 50, 51, 52, 53, 54, 55, 56, 57, 58, 59, 61], "summary": {"covered_lines": 20, "num_statements": 20, "percent_covered": 100.0, "percent_covered_display": "100", "missing_lines": 0, "excluded_lines": 0, "percent_statements_covered": 100.0, "percent_statements_covered_display": "100"}, "missing_lines": [], "excluded_lines": [], "start_line": 1}}}, "src/almasim/services/compute/kubernetes.py": {"executed_lines": [3, 5, 6, 7, 8, 11, 12, 13, 14, 15, 17, 20, 23, 46, 47, 61, 78, 80, 81, 84, 86, 87, 90, 92, 93, 99, 105, 107, 110, 114, 116, 118, 120], "summary": {"covered_lines": 33, "num_statements": 64, "percent_covered": 51.5625, "percent_covered_display": "52", "missing_lines": 31, "excluded_lines": 0, "percent_statements_covered": 51.5625, "percent_statements_covered_display": "52"}, "missing_lines": [10, 51, 52, 53, 54, 55, 57, 58, 59, 63, 67, 68, 69, 70, 71, 72, 74, 75, 76, 82, 88, 94, 95, 97, 101, 102, 103, 108, 109, 111, 112], "excluded_lines": [], "functions": {"KubernetesBackend.__init__": {"executed_lines": [46, 47], "summary": {"covered_lines": 2, "num_statements": 10, "percent_covered": 20.0, "percent_covered_display": "20", "missing_lines": 8, "excluded_lines": 0, "percent_statements_covered": 20.0, "percent_statements_covered_display": "20"}, "missing_lines": [51, 52, 53, 54, 55, 57, 58, 59], "excluded_lines": [], "start_line": 23}, "KubernetesBackend._start_cluster": {"executed_lines": [], "summary": {"covered_lines": 0, "num_statements": 10, "percent_covered": 0.0, "percent_covered_display": "0", "missing_lines": 10, "excluded_lines": 0, "percent_statements_covered": 0.0, "percent_statements_covered_display": "0"}, "missing_lines": [63, 67, 68, 69, 70, 71, 72, 74, 75, 76], "excluded_lines": [], "start_line": 61}, "KubernetesBackend.scatter": {"executed_lines": [80, 81], "summary": {"covered_lines": 2, "num_statements": 3, "percent_covered": 66.66666666666667, "percent_covered_display": "67", "missing_lines": 1, "excluded_lines": 0, "percent_statements_covered": 66.66666666666667, "percent_statements_covered_display": "67"}, "missing_lines": [82], "excluded_lines": [], "start_line": 78}, "KubernetesBackend.compute": {"executed_lines": [86, 87], "summary": {"covered_lines": 2, "num_statements": 3, "percent_covered": 66.66666666666667, "percent_covered_display": "67", "missing_lines": 1, "excluded_lines": 0, "percent_statements_covered": 66.66666666666667, "percent_statements_covered_display": "67"}, "missing_lines": [88], "excluded_lines": [], "start_line": 84}, "KubernetesBackend.gather": {"executed_lines": [92, 93], "summary": {"covered_lines": 2, "num_statements": 5, "percent_covered": 40.0, "percent_covered_display": "40", "missing_lines": 3, "excluded_lines": 0, "percent_statements_covered": 40.0, "percent_statements_covered_display": "40"}, "missing_lines": [94, 95, 97], "excluded_lines": [], "start_line": 90}, "KubernetesBackend.delayed": {"executed_lines": [], "summary": {"covered_lines": 0, "num_statements": 3, "percent_covered": 0.0, "percent_covered_display": "0", "missing_lines": 3, "excluded_lines": 0, "percent_statements_covered": 0.0, "percent_statements_covered_display": "0"}, "missing_lines": [101, 102, 103], "excluded_lines": [], "start_line": 99}, "KubernetesBackend.close": {"executed_lines": [107, 110], "summary": {"covered_lines": 2, "num_statements": 6, "percent_covered": 33.333333333333336, "percent_covered_display": "33", "missing_lines": 4, "excluded_lines": 0, "percent_statements_covered": 33.333333333333336, "percent_statements_covered_display": "33"}, "missing_lines": [108, 109, 111, 112], "excluded_lines": [], "start_line": 105}, "KubernetesBackend.__enter__": {"executed_lines": [116], "summary": {"covered_lines": 1, "num_statements": 1, "percent_covered": 100.0, "percent_covered_display": "100", "missing_lines": 0, "excluded_lines": 0, "percent_statements_covered": 100.0, "percent_statements_covered_display": "100"}, "missing_lines": [], "excluded_lines": [], "start_line": 114}, "KubernetesBackend.__exit__": {"executed_lines": [120], "summary": {"covered_lines": 1, "num_statements": 1, "percent_covered": 100.0, "percent_covered_display": "100", "missing_lines": 0, "excluded_lines": 0, "percent_statements_covered": 100.0, "percent_statements_covered_display": "100"}, "missing_lines": [], "excluded_lines": [], "start_line": 118}, "": {"executed_lines": [3, 5, 6, 7, 8, 11, 12, 13, 14, 15, 17, 20, 23, 61, 78, 84, 90, 99, 105, 114, 118], "summary": {"covered_lines": 21, "num_statements": 22, "percent_covered": 95.45454545454545, "percent_covered_display": "95", "missing_lines": 1, "excluded_lines": 0, "percent_statements_covered": 95.45454545454545, "percent_statements_covered_display": "95"}, "missing_lines": [10], "excluded_lines": [], "start_line": 1}}, "classes": {"KubernetesBackend": {"executed_lines": [46, 47, 80, 81, 86, 87, 92, 93, 107, 110, 116, 120], "summary": {"covered_lines": 12, "num_statements": 42, "percent_covered": 28.571428571428573, "percent_covered_display": "29", "missing_lines": 30, "excluded_lines": 0, "percent_statements_covered": 28.571428571428573, "percent_statements_covered_display": "29"}, "missing_lines": [51, 52, 53, 54, 55, 57, 58, 59, 63, 67, 68, 69, 70, 71, 72, 74, 75, 76, 82, 88, 94, 95, 97, 101, 102, 103, 108, 109, 111, 112], "excluded_lines": [], "start_line": 20}, "": {"executed_lines": [3, 5, 6, 7, 8, 11, 12, 13, 14, 15, 17, 20, 23, 61, 78, 84, 90, 99, 105, 114, 118], "summary": {"covered_lines": 21, "num_statements": 22, "percent_covered": 95.45454545454545, "percent_covered_display": "95", "missing_lines": 1, "excluded_lines": 0, "percent_statements_covered": 95.45454545454545, "percent_statements_covered_display": "95"}, "missing_lines": [10], "excluded_lines": [], "start_line": 1}}}, "src/almasim/services/compute/local.py": {"executed_lines": [3, 4, 5, 7, 10, 12, 13, 14, 16, 18, 21, 24, 25, 26, 27, 29, 31, 34, 42, 50, 51, 52, 54, 56, 58, 60, 62, 67, 68, 69, 71, 73, 74, 78, 80, 81, 83, 85, 91, 93, 95, 97, 99, 100, 101, 103, 105, 107, 109], "summary": {"covered_lines": 49, "num_statements": 50, "percent_covered": 98.0, "percent_covered_display": "98", "missing_lines": 1, "excluded_lines": 0, "percent_statements_covered": 98.0, "percent_statements_covered_display": "98"}, "missing_lines": [76], "excluded_lines": [], "functions": {"_execute_task": {"executed_lines": [12, 13, 14, 16, 18], "summary": {"covered_lines": 5, "num_statements": 5, "percent_covered": 100.0, "percent_covered_display": "100", "missing_lines": 0, "excluded_lines": 0, "percent_statements_covered": 100.0, "percent_statements_covered_display": "100"}, "missing_lines": [], "excluded_lines": [], "start_line": 10}, "DelayedTask.__init__": {"executed_lines": [25, 26, 27], "summary": {"covered_lines": 3, "num_statements": 3, "percent_covered": 100.0, "percent_covered_display": "100", "missing_lines": 0, "excluded_lines": 0, "percent_statements_covered": 100.0, "percent_statements_covered_display": "100"}, "missing_lines": [], "excluded_lines": [], "start_line": 24}, "DelayedTask.compute": {"executed_lines": [31], "summary": {"covered_lines": 1, "num_statements": 1, "percent_covered": 100.0, "percent_covered_display": "100", "missing_lines": 0, "excluded_lines": 0, "percent_statements_covered": 100.0, "percent_statements_covered_display": "100"}, "missing_lines": [], "excluded_lines": [], "start_line": 29}, "LocalBackend.__init__": {"executed_lines": [50, 51, 52], "summary": {"covered_lines": 3, "num_statements": 3, "percent_covered": 100.0, "percent_covered_display": "100", "missing_lines": 0, "excluded_lines": 0, "percent_statements_covered": 100.0, "percent_statements_covered_display": "100"}, "missing_lines": [], "excluded_lines": [], "start_line": 42}, "LocalBackend._start_executor": {"executed_lines": [56], "summary": {"covered_lines": 1, "num_statements": 1, "percent_covered": 100.0, "percent_covered_display": "100", "missing_lines": 0, "excluded_lines": 0, "percent_statements_covered": 100.0, "percent_statements_covered_display": "100"}, "missing_lines": [], "excluded_lines": [], "start_line": 54}, "LocalBackend.scatter": {"executed_lines": [60], "summary": {"covered_lines": 1, "num_statements": 1, "percent_covered": 100.0, "percent_covered_display": "100", "missing_lines": 0, "excluded_lines": 0, "percent_statements_covered": 100.0, "percent_statements_covered_display": "100"}, "missing_lines": [], "excluded_lines": [], "start_line": 58}, "LocalBackend.compute": {"executed_lines": [67, 68, 69, 71, 73, 74], "summary": {"covered_lines": 6, "num_statements": 7, "percent_covered": 85.71428571428571, "percent_covered_display": "86", "missing_lines": 1, "excluded_lines": 0, "percent_statements_covered": 85.71428571428571, "percent_statements_covered_display": "86"}, "missing_lines": [76], "excluded_lines": [], "start_line": 62}, "LocalBackend.gather": {"executed_lines": [80, 81, 83], "summary": {"covered_lines": 3, "num_statements": 3, "percent_covered": 100.0, "percent_covered_display": "100", "missing_lines": 0, "excluded_lines": 0, "percent_statements_covered": 100.0, "percent_statements_covered_display": "100"}, "missing_lines": [], "excluded_lines": [], "start_line": 78}, "LocalBackend.delayed": {"executed_lines": [91, 95], "summary": {"covered_lines": 2, "num_statements": 2, "percent_covered": 100.0, "percent_covered_display": "100", "missing_lines": 0, "excluded_lines": 0, "percent_statements_covered": 100.0, "percent_statements_covered_display": "100"}, "missing_lines": [], "excluded_lines": [], "start_line": 85}, "LocalBackend.delayed.delayed_decorator": {"executed_lines": [93], "summary": {"covered_lines": 1, "num_statements": 1, "percent_covered": 100.0, "percent_covered_display": "100", "missing_lines": 0, "excluded_lines": 0, "percent_statements_covered": 100.0, "percent_statements_covered_display": "100"}, "missing_lines": [], "excluded_lines": [], "start_line": 91}, "LocalBackend.close": {"executed_lines": [99, 100, 101], "summary": {"covered_lines": 3, "num_statements": 3, "percent_covered": 100.0, "percent_covered_display": "100", "missing_lines": 0, "excluded_lines": 0, "percent_statements_covered": 100.0, "percent_statements_covered_display": "100"}, "missing_lines": [], "excluded_lines": [], "start_line": 97}, "LocalBackend.__enter__": {"executed_lines": [105], "summary": {"covered_lines": 1, "num_statements": 1, "percent_covered": 100.0, "percent_covered_display": "100", "missing_lines": 0, "excluded_lines": 0, "percent_statements_covered": 100.0, "percent_statements_covered_display": "100"}, "missing_lines": [], "excluded_lines": [], "start_line": 103}, "LocalBackend.__exit__": {"executed_lines": [109], "summary": {"covered_lines": 1, "num_statements": 1, "percent_covered": 100.0, "percent_covered_display": "100", "missing_lines": 0, "excluded_lines": 0, "percent_statements_covered": 100.0, "percent_statements_covered_display": "100"}, "missing_lines": [], "excluded_lines": [], "start_line": 107}, "": {"executed_lines": [3, 4, 5, 7, 10, 21, 24, 29, 34, 42, 54, 58, 62, 78, 85, 97, 103, 107], "summary": {"covered_lines": 18, "num_statements": 18, "percent_covered": 100.0, "percent_covered_display": "100", "missing_lines": 0, "excluded_lines": 0, "percent_statements_covered": 100.0, "percent_statements_covered_display": "100"}, "missing_lines": [], "excluded_lines": [], "start_line": 1}}, "classes": {"DelayedTask": {"executed_lines": [25, 26, 27, 31], "summary": {"covered_lines": 4, "num_statements": 4, "percent_covered": 100.0, "percent_covered_display": "100", "missing_lines": 0, "excluded_lines": 0, "percent_statements_covered": 100.0, "percent_statements_covered_display": "100"}, "missing_lines": [], "excluded_lines": [], "start_line": 21}, "LocalBackend": {"executed_lines": [50, 51, 52, 56, 60, 67, 68, 69, 71, 73, 74, 80, 81, 83, 91, 93, 95, 99, 100, 101, 105, 109], "summary": {"covered_lines": 22, "num_statements": 23, "percent_covered": 95.65217391304348, "percent_covered_display": "96", "missing_lines": 1, "excluded_lines": 0, "percent_statements_covered": 95.65217391304348, "percent_statements_covered_display": "96"}, "missing_lines": [76], "excluded_lines": [], "start_line": 34}, "": {"executed_lines": [3, 4, 5, 7, 10, 12, 13, 14, 16, 18, 21, 24, 29, 34, 42, 54, 58, 62, 78, 85, 97, 103, 107], "summary": {"covered_lines": 23, "num_statements": 23, "percent_covered": 100.0, "percent_covered_display": "100", "missing_lines": 0, "excluded_lines": 0, "percent_statements_covered": 100.0, "percent_statements_covered_display": "100"}, "missing_lines": [], "excluded_lines": [], "start_line": 1}}}, "src/almasim/services/compute/slurm.py": {"executed_lines": [3, 5, 6, 7, 8, 10, 17, 20, 23, 52, 53, 69, 85, 87, 88, 91, 93, 94, 97, 99, 100, 106, 112, 114, 117, 121, 123, 125, 127], "summary": {"covered_lines": 29, "num_statements": 62, "percent_covered": 46.774193548387096, "percent_covered_display": "47", "missing_lines": 33, "excluded_lines": 0, "percent_statements_covered": 46.774193548387096, "percent_statements_covered_display": "47"}, "missing_lines": [11, 12, 13, 14, 15, 57, 58, 59, 60, 61, 62, 63, 65, 66, 67, 71, 78, 79, 81, 82, 83, 89, 95, 101, 102, 104, 108, 109, 110, 115, 116, 118, 119], "excluded_lines": [], "functions": {"SlurmBackend.__init__": {"executed_lines": [52, 53], "summary": {"covered_lines": 2, "num_statements": 12, "percent_covered": 16.666666666666668, "percent_covered_display": "17", "missing_lines": 10, "excluded_lines": 0, "percent_statements_covered": 16.666666666666668, "percent_statements_covered_display": "17"}, "missing_lines": [57, 58, 59, 60, 61, 62, 63, 65, 66, 67], "excluded_lines": [], "start_line": 23}, "SlurmBackend._start_cluster": {"executed_lines": [], "summary": {"covered_lines": 0, "num_statements": 6, "percent_covered": 0.0, "percent_covered_display": "0", "missing_lines": 6, "excluded_lines": 0, "percent_statements_covered": 0.0, "percent_statements_covered_display": "0"}, "missing_lines": [71, 78, 79, 81, 82, 83], "excluded_lines": [], "start_line": 69}, "SlurmBackend.scatter": {"executed_lines": [87, 88], "summary": {"covered_lines": 2, "num_statements": 3, "percent_covered": 66.66666666666667, "percent_covered_display": "67", "missing_lines": 1, "excluded_lines": 0, "percent_statements_covered": 66.66666666666667, "percent_statements_covered_display": "67"}, "missing_lines": [89], "excluded_lines": [], "start_line": 85}, "SlurmBackend.compute": {"executed_lines": [93, 94], "summary": {"covered_lines": 2, "num_statements": 3, "percent_covered": 66.66666666666667, "percent_covered_display": "67", "missing_lines": 1, "excluded_lines": 0, "percent_statements_covered": 66.66666666666667, "percent_statements_covered_display": "67"}, "missing_lines": [95], "excluded_lines": [], "start_line": 91}, "SlurmBackend.gather": {"executed_lines": [99, 100], "summary": {"covered_lines": 2, "num_statements": 5, "percent_covered": 40.0, "percent_covered_display": "40", "missing_lines": 3, "excluded_lines": 0, "percent_statements_covered": 40.0, "percent_statements_covered_display": "40"}, "missing_lines": [101, 102, 104], "excluded_lines": [], "start_line": 97}, "SlurmBackend.delayed": {"executed_lines": [], "summary": {"covered_lines": 0, "num_statements": 3, "percent_covered": 0.0, "percent_covered_display": "0", "missing_lines": 3, "excluded_lines": 0, "percent_statements_covered": 0.0, "percent_statements_covered_display": "0"}, "missing_lines": [108, 109, 110], "excluded_lines": [], "start_line": 106}, "SlurmBackend.close": {"executed_lines": [114, 117], "summary": {"covered_lines": 2, "num_statements": 6, "percent_covered": 33.333333333333336, "percent_covered_display": "33", "missing_lines": 4, "excluded_lines": 0, "percent_statements_covered": 33.333333333333336, "percent_statements_covered_display": "33"}, "missing_lines": [115, 116, 118, 119], "excluded_lines": [], "start_line": 112}, "SlurmBackend.__enter__": {"executed_lines": [123], "summary": {"covered_lines": 1, "num_statements": 1, "percent_covered": 100.0, "percent_covered_display": "100", "missing_lines": 0, "excluded_lines": 0, "percent_statements_covered": 100.0, "percent_statements_covered_display": "100"}, "missing_lines": [], "excluded_lines": [], "start_line": 121}, "SlurmBackend.__exit__": {"executed_lines": [127], "summary": {"covered_lines": 1, "num_statements": 1, "percent_covered": 100.0, "percent_covered_display": "100", "missing_lines": 0, "excluded_lines": 0, "percent_statements_covered": 100.0, "percent_statements_covered_display": "100"}, "missing_lines": [], "excluded_lines": [], "start_line": 125}, "": {"executed_lines": [3, 5, 6, 7, 8, 10, 17, 20, 23, 69, 85, 91, 97, 106, 112, 121, 125], "summary": {"covered_lines": 17, "num_statements": 22, "percent_covered": 77.27272727272727, "percent_covered_display": "77", "missing_lines": 5, "excluded_lines": 0, "percent_statements_covered": 77.27272727272727, "percent_statements_covered_display": "77"}, "missing_lines": [11, 12, 13, 14, 15], "excluded_lines": [], "start_line": 1}}, "classes": {"SlurmBackend": {"executed_lines": [52, 53, 87, 88, 93, 94, 99, 100, 114, 117, 123, 127], "summary": {"covered_lines": 12, "num_statements": 40, "percent_covered": 30.0, "percent_covered_display": "30", "missing_lines": 28, "excluded_lines": 0, "percent_statements_covered": 30.0, "percent_statements_covered_display": "30"}, "missing_lines": [57, 58, 59, 60, 61, 62, 63, 65, 66, 67, 71, 78, 79, 81, 82, 83, 89, 95, 101, 102, 104, 108, 109, 110, 115, 116, 118, 119], "excluded_lines": [], "start_line": 20}, "": {"executed_lines": [3, 5, 6, 7, 8, 10, 17, 20, 23, 69, 85, 91, 97, 106, 112, 121, 125], "summary": {"covered_lines": 17, "num_statements": 22, "percent_covered": 77.27272727272727, "percent_covered_display": "77", "missing_lines": 5, "excluded_lines": 0, "percent_statements_covered": 77.27272727272727, "percent_statements_covered_display": "77"}, "missing_lines": [11, 12, 13, 14, 15], "excluded_lines": [], "start_line": 1}}}, "src/almasim/services/compute/sync.py": {"executed_lines": [3, 5, 8, 10, 11, 12, 13, 17, 24, 26, 28, 30, 32, 34, 36, 37, 38, 40, 48, 50, 52, 54, 56, 58], "summary": {"covered_lines": 24, "num_statements": 29, "percent_covered": 82.75862068965517, "percent_covered_display": "83", "missing_lines": 5, "excluded_lines": 0, "percent_statements_covered": 82.75862068965517, "percent_statements_covered_display": "83"}, "missing_lines": [14, 31, 43, 44, 46], "excluded_lines": [], "functions": {"_compute_value": {"executed_lines": [10, 11, 12, 13], "summary": {"covered_lines": 4, "num_statements": 5, "percent_covered": 80.0, "percent_covered_display": "80", "missing_lines": 1, "excluded_lines": 0, "percent_statements_covered": 80.0, "percent_statements_covered_display": "80"}, "missing_lines": [14], "excluded_lines": [], "start_line": 8}, "SyncBackend.scatter": {"executed_lines": [26], "summary": {"covered_lines": 1, "num_statements": 1, "percent_covered": 100.0, "percent_covered_display": "100", "missing_lines": 0, "excluded_lines": 0, "percent_statements_covered": 100.0, "percent_statements_covered_display": "100"}, "missing_lines": [], "excluded_lines": [], "start_line": 24}, "SyncBackend.compute": {"executed_lines": [30, 32], "summary": {"covered_lines": 2, "num_statements": 3, "percent_covered": 66.66666666666667, "percent_covered_display": "67", "missing_lines": 1, "excluded_lines": 0, "percent_statements_covered": 66.66666666666667, "percent_statements_covered_display": "67"}, "missing_lines": [31], "excluded_lines": [], "start_line": 28}, "SyncBackend.gather": {"executed_lines": [36, 37, 38], "summary": {"covered_lines": 3, "num_statements": 3, "percent_covered": 100.0, "percent_covered_display": "100", "missing_lines": 0, "excluded_lines": 0, "percent_statements_covered": 100.0, "percent_statements_covered_display": "100"}, "missing_lines": [], "excluded_lines": [], "start_line": 34}, "SyncBackend.delayed": {"executed_lines": [], "summary": {"covered_lines": 0, "num_statements": 2, "percent_covered": 0.0, "percent_covered_display": "0", "missing_lines": 2, "excluded_lines": 0, "percent_statements_covered": 0.0, "percent_statements_covered_display": "0"}, "missing_lines": [43, 46], "excluded_lines": [], "start_line": 40}, "SyncBackend.delayed.delayed_decorator": {"executed_lines": [], "summary": {"covered_lines": 0, "num_statements": 1, "percent_covered": 0.0, "percent_covered_display": "0", "missing_lines": 1, "excluded_lines": 0, "percent_statements_covered": 0.0, "percent_statements_covered_display": "0"}, "missing_lines": [44], "excluded_lines": [], "start_line": 43}, "SyncBackend.close": {"executed_lines": [50], "summary": {"covered_lines": 1, "num_statements": 1, "percent_covered": 100.0, "percent_covered_display": "100", "missing_lines": 0, "excluded_lines": 0, "percent_statements_covered": 100.0, "percent_statements_covered_display": "100"}, "missing_lines": [], "excluded_lines": [], "start_line": 48}, "SyncBackend.__enter__": {"executed_lines": [54], "summary": {"covered_lines": 1, "num_statements": 1, "percent_covered": 100.0, "percent_covered_display": "100", "missing_lines": 0, "excluded_lines": 0, "percent_statements_covered": 100.0, "percent_statements_covered_display": "100"}, "missing_lines": [], "excluded_lines": [], "start_line": 52}, "SyncBackend.__exit__": {"executed_lines": [58], "summary": {"covered_lines": 1, "num_statements": 1, "percent_covered": 100.0, "percent_covered_display": "100", "missing_lines": 0, "excluded_lines": 0, "percent_statements_covered": 100.0, "percent_statements_covered_display": "100"}, "missing_lines": [], "excluded_lines": [], "start_line": 56}, "": {"executed_lines": [3, 5, 8, 17, 24, 28, 34, 40, 48, 52, 56], "summary": {"covered_lines": 11, "num_statements": 11, "percent_covered": 100.0, "percent_covered_display": "100", "missing_lines": 0, "excluded_lines": 0, "percent_statements_covered": 100.0, "percent_statements_covered_display": "100"}, "missing_lines": [], "excluded_lines": [], "start_line": 1}}, "classes": {"SyncBackend": {"executed_lines": [26, 30, 32, 36, 37, 38, 50, 54, 58], "summary": {"covered_lines": 9, "num_statements": 13, "percent_covered": 69.23076923076923, "percent_covered_display": "69", "missing_lines": 4, "excluded_lines": 0, "percent_statements_covered": 69.23076923076923, "percent_statements_covered_display": "69"}, "missing_lines": [31, 43, 44, 46], "excluded_lines": [], "start_line": 17}, "": {"executed_lines": [3, 5, 8, 10, 11, 12, 13, 17, 24, 28, 34, 40, 48, 52, 56], "summary": {"covered_lines": 15, "num_statements": 16, "percent_covered": 93.75, "percent_covered_display": "94", "missing_lines": 1, "excluded_lines": 0, "percent_statements_covered": 93.75, "percent_statements_covered_display": "94"}, "missing_lines": [14], "excluded_lines": [], "start_line": 1}}}, "src/almasim/services/download.py": {"executed_lines": [3, 5, 6, 7, 8, 9, 10, 11, 12, 13, 14, 15, 16, 17, 19, 20, 21, 23, 25, 31, 32, 33, 34, 35, 36, 37, 40, 41, 44, 45, 46, 47, 48, 49, 50, 52, 53, 54, 57, 58, 61, 62, 63, 64, 65, 66, 67, 70, 71, 74, 75, 76, 77, 78, 79, 80, 81, 82, 83, 86, 100, 123, 133, 167, 233, 234, 243, 267, 269, 271, 274, 276, 277, 278, 279, 280, 281, 284, 286, 287, 288, 289, 292, 294, 295, 296, 297, 298, 309, 312, 313, 314, 315, 316, 317, 320, 365, 373, 374, 376, 377, 378, 379, 380, 381, 382, 385, 387, 443, 467, 475, 532, 534, 537, 547, 548, 550, 551, 552, 554, 555, 557, 562, 580, 581, 583, 591, 592, 593, 594, 598, 599, 603, 604, 605, 606, 611, 621, 624, 625, 627, 637, 672, 673, 674, 675, 677, 692, 703, 709, 723], "summary": {"covered_lines": 151, "num_statements": 410, "percent_covered": 36.829268292682926, "percent_covered_display": "37", "missing_lines": 259, "excluded_lines": 5, "percent_statements_covered": 36.829268292682926, "percent_statements_covered_display": "37"}, "missing_lines": [125, 126, 127, 128, 129, 130, 135, 136, 137, 138, 139, 140, 141, 142, 143, 145, 146, 147, 148, 149, 150, 151, 152, 153, 154, 155, 156, 157, 158, 159, 160, 161, 162, 163, 164, 169, 170, 171, 172, 173, 174, 176, 177, 178, 179, 181, 182, 183, 184, 186, 187, 188, 189, 190, 192, 193, 194, 195, 196, 198, 199, 200, 201, 202, 203, 204, 206, 207, 208, 209, 211, 212, 213, 214, 216, 217, 228, 230, 236, 237, 238, 239, 240, 248, 249, 250, 251, 252, 255, 256, 257, 258, 262, 263, 264, 270, 327, 328, 329, 330, 332, 333, 334, 335, 336, 338, 339, 340, 341, 342, 344, 345, 347, 348, 349, 350, 351, 352, 353, 354, 355, 356, 357, 358, 359, 360, 361, 362, 383, 384, 386, 389, 390, 391, 392, 393, 394, 395, 396, 397, 398, 399, 400, 406, 407, 408, 409, 410, 411, 412, 413, 415, 416, 418, 419, 420, 421, 422, 423, 425, 426, 427, 428, 429, 430, 431, 432, 434, 435, 436, 437, 438, 439, 440, 445, 447, 448, 449, 450, 451, 452, 453, 454, 455, 456, 457, 458, 459, 460, 461, 464, 468, 469, 470, 471, 472, 483, 485, 486, 487, 489, 490, 494, 495, 496, 497, 498, 499, 500, 501, 502, 504, 509, 510, 511, 512, 513, 514, 515, 516, 517, 518, 520, 521, 522, 523, 524, 525, 526, 527, 528, 529, 549, 553, 556, 607, 608, 609, 610, 622, 628, 629, 630, 631, 632, 633, 634, 635, 638, 643, 648, 649, 651, 658, 660, 661, 670, 693, 704], "excluded_lines": [259, 260, 261, 462, 463], "functions": {"DataProduct.size_mb": {"executed_lines": [54], "summary": {"covered_lines": 1, "num_statements": 1, "percent_covered": 100.0, "percent_covered_display": "100", "missing_lines": 0, "excluded_lines": 0, "percent_statements_covered": 100.0, "percent_statements_covered_display": "100"}, "missing_lines": [], "excluded_lines": [], "start_line": 53}, "format_bytes": {"executed_lines": [], "summary": {"covered_lines": 0, "num_statements": 6, "percent_covered": 0.0, "percent_covered_display": "0", "missing_lines": 6, "excluded_lines": 0, "percent_statements_covered": 0.0, "percent_statements_covered_display": "0"}, "missing_lines": [125, 126, 127, 128, 129, 130], "excluded_lines": [], "start_line": 123}, "_classify_product": {"executed_lines": [], "summary": {"covered_lines": 0, "num_statements": 29, "percent_covered": 0.0, "percent_covered_display": "0", "missing_lines": 29, "excluded_lines": 0, "percent_statements_covered": 0.0, "percent_statements_covered_display": "0"}, "missing_lines": [135, 136, 137, 138, 139, 140, 141, 142, 143, 145, 146, 147, 148, 149, 150, 151, 152, 153, 154, 155, 156, 157, 158, 159, 160, 161, 162, 163, 164], "excluded_lines": [], "start_line": 133}, "_parse_votable_results": {"executed_lines": [], "summary": {"covered_lines": 0, "num_statements": 39, "percent_covered": 0.0, "percent_covered_display": "0", "missing_lines": 39, "excluded_lines": 0, "percent_statements_covered": 0.0, "percent_statements_covered_display": "0"}, "missing_lines": [169, 170, 171, 172, 173, 174, 176, 177, 178, 179, 181, 182, 183, 184, 186, 192, 193, 194, 195, 196, 198, 199, 200, 201, 202, 203, 204, 206, 207, 208, 209, 211, 212, 213, 214, 216, 217, 228, 230], "excluded_lines": [], "start_line": 167}, "_parse_votable_results.col_idx": {"executed_lines": [], "summary": {"covered_lines": 0, "num_statements": 4, "percent_covered": 0.0, "percent_covered_display": "0", "missing_lines": 4, "excluded_lines": 0, "percent_statements_covered": 0.0, "percent_statements_covered_display": "0"}, "missing_lines": [187, 188, 189, 190], "excluded_lines": [], "start_line": 186}, "_fetch_datalink": {"executed_lines": [], "summary": {"covered_lines": 0, "num_statements": 5, "percent_covered": 0.0, "percent_covered_display": "0", "missing_lines": 5, "excluded_lines": 0, "percent_statements_covered": 0.0, "percent_statements_covered_display": "0"}, "missing_lines": [236, 237, 238, 239, 240], "excluded_lines": [], "start_line": 234}, "resolve_products": {"executed_lines": [], "summary": {"covered_lines": 0, "num_statements": 12, "percent_covered": 0.0, "percent_covered_display": "0", "missing_lines": 12, "excluded_lines": 3, "percent_statements_covered": 0.0, "percent_statements_covered_display": "0"}, "missing_lines": [248, 249, 250, 251, 252, 255, 256, 257, 258, 262, 263, 264], "excluded_lines": [259, 260, 261], "start_line": 243}, "filter_products": {"executed_lines": [269, 271], "summary": {"covered_lines": 2, "num_statements": 3, "percent_covered": 66.66666666666667, "percent_covered_display": "67", "missing_lines": 1, "excluded_lines": 0, "percent_statements_covered": 66.66666666666667, "percent_statements_covered_display": "67"}, "missing_lines": [270], "excluded_lines": [], "start_line": 267}, "products_to_dataframe": {"executed_lines": [276, 277, 278, 279, 280, 281], "summary": {"covered_lines": 6, "num_statements": 6, "percent_covered": 100.0, "percent_covered_display": "100", "missing_lines": 0, "excluded_lines": 0, "percent_statements_covered": 100.0, "percent_statements_covered_display": "100"}, "missing_lines": [], "excluded_lines": [], "start_line": 274}, "save_products_csv": {"executed_lines": [286, 287, 288, 289], "summary": {"covered_lines": 4, "num_statements": 4, "percent_covered": 100.0, "percent_covered_display": "100", "missing_lines": 0, "excluded_lines": 0, "percent_statements_covered": 100.0, "percent_statements_covered_display": "100"}, "missing_lines": [], "excluded_lines": [], "start_line": 284}, "load_products_csv": {"executed_lines": [294, 295, 296, 297, 298, 309], "summary": {"covered_lines": 6, "num_statements": 6, "percent_covered": 100.0, "percent_covered_display": "100", "missing_lines": 0, "excluded_lines": 0, "percent_statements_covered": 100.0, "percent_statements_covered_display": "100"}, "missing_lines": [], "excluded_lines": [], "start_line": 292}, "_sha256_file": {"executed_lines": [313, 314, 315, 316, 317], "summary": {"covered_lines": 5, "num_statements": 5, "percent_covered": 100.0, "percent_covered_display": "100", "missing_lines": 0, "excluded_lines": 0, "percent_statements_covered": 100.0, "percent_statements_covered_display": "100"}, "missing_lines": [], "excluded_lines": [], "start_line": 312}, "_download_single_attempt": {"executed_lines": [], "summary": {"covered_lines": 0, "num_statements": 32, "percent_covered": 0.0, "percent_covered_display": "0", "missing_lines": 32, "excluded_lines": 0, "percent_statements_covered": 0.0, "percent_statements_covered_display": "0"}, "missing_lines": [327, 328, 329, 330, 332, 333, 334, 335, 336, 338, 339, 340, 341, 342, 344, 345, 347, 348, 349, 350, 351, 352, 353, 354, 355, 356, 357, 358, 359, 360, 361, 362], "excluded_lines": [], "start_line": 320}, "_download_single_file": {"executed_lines": [373, 374, 376, 377, 378, 379, 380, 381, 382, 385, 387], "summary": {"covered_lines": 11, "num_statements": 57, "percent_covered": 19.29824561403509, "percent_covered_display": "19", "missing_lines": 46, "excluded_lines": 0, "percent_statements_covered": 19.29824561403509, "percent_statements_covered_display": "19"}, "missing_lines": [383, 384, 386, 389, 390, 391, 392, 393, 394, 395, 396, 397, 398, 399, 400, 406, 407, 408, 409, 410, 411, 412, 413, 415, 416, 418, 419, 420, 421, 422, 423, 425, 426, 427, 428, 429, 430, 431, 432, 434, 435, 436, 437, 438, 439, 440], "excluded_lines": [], "start_line": 365}, "_extract_tar": {"executed_lines": [], "summary": {"covered_lines": 0, "num_statements": 17, "percent_covered": 0.0, "percent_covered_display": "0", "missing_lines": 17, "excluded_lines": 2, "percent_statements_covered": 0.0, "percent_statements_covered_display": "0"}, "missing_lines": [445, 447, 448, 449, 450, 451, 452, 453, 454, 455, 456, 457, 458, 459, 460, 461, 464], "excluded_lines": [462, 463], "start_line": 443}, "_is_relative_to": {"executed_lines": [], "summary": {"covered_lines": 0, "num_statements": 5, "percent_covered": 0.0, "percent_covered_display": "0", "missing_lines": 5, "excluded_lines": 0, "percent_statements_covered": 0.0, "percent_statements_covered_display": "0"}, "missing_lines": [468, 469, 470, 471, 472], "excluded_lines": [], "start_line": 467}, "_cleanup_download_inputs": {"executed_lines": [], "summary": {"covered_lines": 0, "num_statements": 34, "percent_covered": 0.0, "percent_covered_display": "0", "missing_lines": 34, "excluded_lines": 0, "percent_statements_covered": 0.0, "percent_statements_covered_display": "0"}, "missing_lines": [483, 485, 489, 490, 494, 495, 496, 497, 498, 499, 500, 501, 502, 504, 509, 510, 511, 512, 513, 514, 515, 516, 517, 518, 520, 521, 522, 523, 524, 525, 526, 527, 528, 529], "excluded_lines": [], "start_line": 475}, "_cleanup_download_inputs.is_protected": {"executed_lines": [], "summary": {"covered_lines": 0, "num
[...]
0", "missing_lines": 7, "excluded_lines": 0, "percent_statements_covered": 0.0, "percent_statements_covered_display": "0"}, "missing_lines": [33, 35, 36, 38, 44, 46, 47], "excluded_lines": [], "start_line": 16}, "GaussianSkyModel.__init__": {"executed_lines": [], "summary": {"covered_lines": 0, "num_statements": 6, "percent_covered": 0.0, "percent_covered_display": "0", "missing_lines": 6, "excluded_lines": 0, "percent_statements_covered": 0.0, "percent_statements_covered_display": "0"}, "missing_lines": [104, 115, 116, 117, 118, 119], "excluded_lines": [], "start_line": 53}, "GaussianSkyModel.insert": {"executed_lines": [], "summary": {"covered_lines": 0, "num_statements": 15, "percent_covered": 0.0, "percent_covered_display": "0", "missing_lines": 15, "excluded_lines": 0, "percent_statements_covered": 0.0, "percent_statements_covered_display": "0"}, "missing_lines": [123, 124, 125, 126, 127, 128, 129, 130, 141, 142, 143, 144, 145, 146, 147], "excluded_lines": [], "start_line": 121}, "": {"executed_lines": [3, 4, 6, 7, 8, 9, 11, 12, 15, 16, 50, 53, 121], "summary": {"covered_lines": 13, "num_statements": 13, "percent_covered": 100.0, "percent_covered_display": "100", "missing_lines": 0, "excluded_lines": 0, "percent_statements_covered": 100.0, "percent_statements_covered_display": "100"}, "missing_lines": [], "excluded_lines": [], "start_line": 1}}, "classes": {"GaussianSkyModel": {"executed_lines": [], "summary": {"covered_lines": 0, "num_statements": 21, "percent_covered": 0.0, "percent_covered_display": "0", "missing_lines": 21, "excluded_lines": 0, "percent_statements_covered": 0.0, "percent_statements_covered_display": "0"}, "missing_lines": [104, 115, 116, 117, 118, 119, 123, 124, 125, 126, 127, 128, 129, 130, 141, 142, 143, 144, 145, 146, 147], "excluded_lines": [], "start_line": 50}, "": {"executed_lines": [3, 4, 6, 7, 8, 9, 11, 12, 15, 16, 50, 53, 121], "summary": {"covered_lines": 13, "num_statements": 20, "percent_covered": 65.0, "percent_covered_display": "65", "missing_lines": 7, "excluded_lines": 0, "percent_statements_covered": 65.0, "percent_statements_covered_display": "65"}, "missing_lines": [33, 35, 36, 38, 44, 46, 47], "excluded_lines": [], "start_line": 1}}}, "src/almasim/skymodels/hubble.py": {"executed_lines": [3, 4, 6, 7, 8, 9, 10, 12, 13, 16, 17, 19, 22, 25, 64, 75, 77, 79, 80, 81, 82, 83, 84, 85, 86, 87, 88, 89, 90, 91, 92, 93, 94, 95, 96, 97, 98, 99, 100, 101, 102], "summary": {"covered_lines": 41, "num_statements": 41, "percent_covered": 100.0, "percent_covered_display": "100", "missing_lines": 0, "excluded_lines": 0, "percent_statements_covered": 100.0, "percent_statements_covered_display": "100"}, "missing_lines": [], "excluded_lines": [], "functions": {"hubble_image": {"executed_lines": [19], "summary": {"covered_lines": 1, "num_statements": 1, "percent_covered": 100.0, "percent_covered_display": "100", "missing_lines": 0, "excluded_lines": 0, "percent_statements_covered": 100.0, "percent_statements_covered_display": "100"}, "missing_lines": [], "excluded_lines": [], "start_line": 17}, "HubbleSkyModel.__init__": {"executed_lines": [64, 75], "summary": {"covered_lines": 2, "num_statements": 2, "percent_covered": 100.0, "percent_covered_display": "100", "missing_lines": 0, "excluded_lines": 0, "percent_statements_covered": 100.0, "percent_statements_covered_display": "100"}, "missing_lines": [], "excluded_lines": [], "start_line": 25}, "HubbleSkyModel.insert": {"executed_lines": [79, 80, 81, 82, 83, 84, 85, 86, 87, 88, 89, 90, 91, 92, 93, 94, 95, 96, 97, 98, 99, 100, 101, 102], "summary": {"covered_lines": 24, "num_statements": 24, "percent_covered": 100.0, "percent_covered_display": "100", "missing_lines": 0, "excluded_lines": 0, "percent_statements_covered": 100.0, "percent_statements_covered_display": "100"}, "missing_lines": [], "excluded_lines": [], "start_line": 77}, "": {"executed_lines": [3, 4, 6, 7, 8, 9, 10, 12, 13, 16, 17, 22, 25, 77], "summary": {"covered_lines": 14, "num_statements": 14, "percent_covered": 100.0, "percent_covered_display": "100", "missing_lines": 0, "excluded_lines": 0, "percent_statements_covered": 100.0, "percent_statements_covered_display": "100"}, "missing_lines": [], "excluded_lines": [], "start_line": 1}}, "classes": {"HubbleSkyModel": {"executed_lines": [64, 75, 79, 80, 81, 82, 83, 84, 85, 86, 87, 88, 89, 90, 91, 92, 93, 94, 95, 96, 97, 98, 99, 100, 101, 102], "summary": {"covered_lines": 26, "num_statements": 26, "percent_covered": 100.0, "percent_covered_display": "100", "missing_lines": 0, "excluded_lines": 0, "percent_statements_covered": 100.0, "percent_statements_covered_display": "100"}, "missing_lines": [], "excluded_lines": [], "start_line": 22}, "": {"executed_lines": [3, 4, 6, 7, 8, 9, 10, 12, 13, 16, 17, 19, 22, 25, 77], "summary": {"covered_lines": 15, "num_statements": 15, "percent_covered": 100.0, "percent_covered_display": "100", "missing_lines": 0, "excluded_lines": 0, "percent_statements_covered": 100.0, "percent_statements_covered_display": "100"}, "missing_lines": [], "excluded_lines": [], "start_line": 1}}}, "src/almasim/skymodels/molecular.py": {"executed_lines": [3, 4, 6, 7, 8, 9, 11, 12, 15, 57, 59, 60, 62, 64, 66, 67, 69, 70, 72, 74, 77, 80, 82, 83, 84, 86, 89, 91, 93, 97, 98, 99, 100, 101, 103, 104, 107, 108, 110, 111, 112, 115, 116, 120, 122, 124, 131, 133, 134, 137, 139, 140, 141, 142, 149, 152, 153, 155, 158, 161, 163, 164, 165, 166, 167, 168, 169, 170, 171, 172, 173, 174, 175, 176, 177, 178, 179], "summary": {"covered_lines": 77, "num_statements": 79, "percent_covered": 97.46835443037975, "percent_covered_display": "97", "missing_lines": 2, "excluded_lines": 0, "percent_statements_covered": 97.46835443037975, "percent_statements_covered_display": "97"}, "missing_lines": [118, 125], "excluded_lines": [], "functions": {"make_extended": {"executed_lines": [57, 59, 60, 62, 64, 66, 67, 69, 70, 72, 74, 77, 80, 82, 83, 84, 86, 89, 91, 93, 97, 98, 99, 100, 101, 103, 104, 107, 108, 110, 111, 112, 115, 116, 120, 122, 124, 131, 133, 134], "summary": {"covered_lines": 40, "num_statements": 42, "percent_covered": 95.23809523809524, "percent_covered_display": "95", "missing_lines": 2, "excluded_lines": 0, "percent_statements_covered": 95.23809523809524, "percent_statements_covered_display": "95"}, "missing_lines": [118, 125], "excluded_lines": [], "start_line": 15}, "molecular_cloud": {"executed_lines": [139, 140, 141, 142, 149], "summary": {"covered_lines": 5, "num_statements": 5, "percent_covered": 100.0, "percent_covered_display": "100", "missing_lines": 0, "excluded_lines": 0, "percent_statements_covered": 100.0, "percent_statements_covered_display": "100"}, "missing_lines": [], "excluded_lines": [], "start_line": 137}, "molecular_image": {"executed_lines": [155], "summary": {"covered_lines": 1, "num_statements": 1, "percent_covered": 100.0, "percent_covered_display": "100", "missing_lines": 0, "excluded_lines": 0, "percent_statements_covered": 100.0, "percent_statements_covered_display": "100"}, "missing_lines": [], "excluded_lines": [], "start_line": 153}, "MolecularCloudSkyModel.insert": {"executed_lines": [163, 164, 165, 166, 167, 168, 169, 170, 171, 172, 173, 174, 175, 176, 177, 178, 179], "summary": {"covered_lines": 17, "num_statements": 17, "percent_covered": 100.0, "percent_covered_display": "100", "missing_lines": 0, "excluded_lines": 0, "percent_statements_covered": 100.0, "percent_statements_covered_display": "100"}, "missing_lines": [], "excluded_lines": [], "start_line": 161}, "": {"executed_lines": [3, 4, 6, 7, 8, 9, 11, 12, 15, 137, 152, 153, 158, 161], "summary": {"covered_lines": 14, "num_statements": 14, "percent_covered": 100.0, "percent_covered_display": "100", "missing_lines": 0, "excluded_lines": 0, "percent_statements_covered": 100.0, "percent_statements_covered_display": "100"}, "missing_lines": [], "excluded_lines": [], "start_line": 1}}, "classes": {"MolecularCloudSkyModel": {"executed_lines": [163, 164, 165, 166, 167, 168, 169, 170, 171, 172, 173, 174, 175, 176, 177, 178, 179], "summary": {"covered_lines": 17, "num_statements": 17, "percent_covered": 100.0, "percent_covered_display": "100", "missing_lines": 0, "excluded_lines": 0, "percent_statements_covered": 100.0, "percent_statements_covered_display": "100"}, "missing_lines": [], "excluded_lines": [], "start_line": 158}, "": {"executed_lines": [3, 4, 6, 7, 8, 9, 11, 12, 15, 57, 59, 60, 62, 64, 66, 67, 69, 70, 72, 74, 77, 80, 82, 83, 84, 86, 89, 91, 93, 97, 98, 99, 100, 101, 103, 104, 107, 108, 110, 111, 112, 115, 116, 120, 122, 124, 131, 133, 134, 137, 139, 140, 141, 142, 149, 152, 153, 155, 158, 161], "summary": {"covered_lines": 60, "num_statements": 62, "percent_covered": 96.7741935483871, "percent_covered_display": "97", "missing_lines": 2, "excluded_lines": 0, "percent_statements_covered": 96.7741935483871, "percent_statements_covered_display": "97"}, "missing_lines": [118, 125], "excluded_lines": [], "start_line": 1}}}, "src/almasim/skymodels/pointlike.py": {"executed_lines": [3, 5, 6, 8, 9, 12, 15, 51, 62, 63, 65, 67, 68, 69, 70, 71, 74, 79], "summary": {"covered_lines": 18, "num_statements": 19, "percent_covered": 94.73684210526316, "percent_covered_display": "95", "missing_lines": 1, "excluded_lines": 0, "percent_statements_covered": 94.73684210526316, "percent_statements_covered_display": "95"}, "missing_lines": [72], "excluded_lines": [], "functions": {"PointlikeSkyModel.__init__": {"executed_lines": [51, 62, 63], "summary": {"covered_lines": 3, "num_statements": 3, "percent_covered": 100.0, "percent_covered_display": "100", "missing_lines": 0, "excluded_lines": 0, "percent_statements_covered": 100.0, "percent_statements_covered_display": "100"}, "missing_lines": [], "excluded_lines": [], "start_line": 15}, "PointlikeSkyModel.insert": {"executed_lines": [67, 68, 69, 70, 71, 74, 79], "summary": {"covered_lines": 7, "num_statements": 8, "percent_covered": 87.5, "percent_covered_display": "88", "missing_lines": 1, "excluded_lines": 0, "percent_statements_covered": 87.5, "percent_statements_covered_display": "88"}, "missing_lines": [72], "excluded_lines": [], "start_line": 65}, "": {"executed_lines": [3, 5, 6, 8, 9, 12, 15, 65], "summary": {"covered_lines": 8, "num_statements": 8, "percent_covered": 100.0, "percent_covered_display": "100", "missing_lines": 0, "excluded_lines": 0, "percent_statements_covered": 100.0, "percent_statements_covered_display": "100"}, "missing_lines": [], "excluded_lines": [], "start_line": 1}}, "classes": {"PointlikeSkyModel": {"executed_lines": [51, 62, 63, 67, 68, 69, 70, 71, 74, 79], "summary": {"covered_lines": 10, "num_statements": 11, "percent_covered": 90.9090909090909, "percent_covered_display": "91", "missing_lines": 1, "excluded_lines": 0, "percent_statements_covered": 90.9090909090909, "percent_statements_covered_display": "91"}, "missing_lines": [72], "excluded_lines": [], "start_line": 12}, "": {"executed_lines": [3, 5, 6, 8, 9, 12, 15, 65], "summary": {"covered_lines": 8, "num_statements": 8, "percent_covered": 100.0, "percent_covered_display": "100", "missing_lines": 0, "excluded_lines": 0, "percent_statements_covered": 100.0, "percent_statements_covered_display": "100"}, "missing_lines": [], "excluded_lines": [], "start_line": 1}}}, "src/almasim/skymodels/serendipitous.py": {"executed_lines": [3, 4, 6, 7, 9, 12, 17, 22, 73, 88, 96, 206], "summary": {"covered_lines": 12, "num_statements": 141, "percent_covered": 8.51063829787234, "percent_covered_display": "9", "missing_lines": 129, "excluded_lines": 0, "percent_statements_covered": 8.51063829787234, "percent_statements_covered_display": "9"}, "missing_lines": [14, 19, 42, 43, 44, 45, 48, 49, 50, 51, 53, 54, 58, 61, 62, 67, 68, 69, 70, 75, 76, 77, 78, 79, 80, 81, 82, 83, 84, 85, 90, 91, 92, 93, 114, 115, 116, 117, 118, 119, 120, 121, 122, 123, 124, 125, 127, 141, 145, 146, 147, 149, 150, 151, 152, 153, 155, 156, 157, 161, 162, 163, 165, 182, 189, 193, 194, 195, 197, 198, 199, 200, 201, 203, 226, 227, 228, 229, 231, 232, 234, 235, 237, 239, 240, 241, 243, 247, 249, 251, 253, 255, 259, 277, 278, 279, 280, 281, 283, 284, 285, 286, 289, 290, 291, 292, 293, 294, 295, 296, 297, 298, 301, 302, 303, 304, 305, 306, 307, 308, 309, 310, 311, 312, 317, 333, 335, 336, 337], "excluded_lines": [], "functions": {"distance_1d": {"executed_lines": [], "summary": {"covered_lines": 0, "num_statements": 1, "percent_covered": 0.0, "percent_covered_display": "0", "missing_lines": 1, "excluded_lines": 0, "percent_statements_covered": 0.0, "percent_statements_covered_display": "0"}, "missing_lines": [14], "excluded_lines": [], "start_line": 12}, "distance_2d": {"executed_lines": [], "summary": {"covered_lines": 0, "num_statements": 1, "percent_covered": 0.0, "percent_covered_display": "0", "missing_lines": 1, "excluded_lines": 0, "percent_statements_covered": 0.0, "percent_statements_covered_display": "0"}, "missing_lines": [19], "excluded_lines": [], "start_line": 17}, "get_iou": {"executed_lines": [], "summary": {"covered_lines": 0, "num_statements": 17, "percent_covered": 0.0, "percent_covered_display": "0", "missing_lines": 17, "excluded_lines": 0, "percent_statements_covered": 0.0, "percent_statements_covered_display": "0"}, "missing_lines": [42, 43, 44, 45, 48, 49, 50, 51, 53, 54, 58, 61, 62, 67, 68, 69, 70], "excluded_lines": [], "start_line": 22}, "get_iou_1d": {"executed_lines": [], "summary": {"covered_lines": 0, "num_statements": 11, "percent_covered": 0.0, "percent_covered_display": "0", "missing_lines": 11, "excluded_lines": 0, "percent_statements_covered": 0.0, "percent_statements_covered_display": "0"}, "missing_lines": [75, 76, 77, 78, 79, 80, 81, 82, 83, 84, 85], "excluded_lines": [], "start_line": 73}, "get_pos": {"executed_lines": [], "summary": {"covered_lines": 0, "num_statements": 4, "percent_covered": 0.0, "percent_covered_display": "0", "missing_lines": 4, "excluded_lines": 0, "percent_statements_covered": 0.0, "percent_statements_covered_display": "0"}, "missing_lines": [90, 91, 92, 93], "excluded_lines": [], "start_line": 88}, "sample_positions": {"executed_lines": [], "summary": {"covered_lines": 0, "num_statements": 40, "percent_covered": 0.0, "percent_covered_display": "0", "missing_lines": 40, "excluded_lines": 0, "percent_statements_covered": 0.0, "percent_statements_covered_display": "0"}, "missing_lines": [114, 115, 116, 117, 118, 119, 120, 121, 122, 123, 124, 125, 127, 141, 145, 146, 147, 149, 150, 151, 152, 153, 155, 156, 157, 161, 162, 163, 165, 182, 189, 193, 194, 195, 197, 198, 199, 200, 201, 203], "excluded_lines": [], "start_line": 96}, "insert_serendipitous": {"executed_lines": [], "summary": {"covered_lines": 0, "num_statements": 55, "percent_covered": 0.0, "percent_covered_display": "0", "missing_lines": 55, "excluded_lines": 0, "percent_statements_covered": 0.0, "percent_statements_covered_display": "0"}, "missing_lines": [226, 227, 228, 229, 231, 232, 234, 235, 237, 239, 240, 241, 243, 247, 249, 251, 253, 255, 259, 277, 278, 279, 280, 281, 283, 284, 285, 286, 289, 290, 291, 292, 293, 294, 295, 296, 297, 298, 301, 302, 303, 304, 305, 306, 307, 308, 309, 310, 311, 312, 317, 333, 335, 336, 337], "excluded_lines": [], "start_line": 206}, "": {"executed_lines": [3, 4, 6, 7, 9, 12, 17, 22, 73, 88, 96, 206], "summary": {"covered_lines": 12, "num_statements": 12, "percent_covered": 100.0, "percent_covered_display": "100", "missing_lines": 0, "excluded_lines": 0, "percent_statements_covered": 100.0, "percent_statements_covered_display": "100"}, "missing_lines": [], "excluded_lines": [], "start_line": 1}}, "classes": {"": {"executed_lines": [3, 4, 6, 7, 9, 12, 17, 22, 73, 88, 96, 206], "summary": {"covered_lines": 12, "num_statements": 141, "percent_covered": 8.51063829787234, "percent_covered_display": "9", "missing_lines": 129, "excluded_lines": 0, "percent_statements_covered": 8.51063829787234, "percent_statements_covered_display": "9"}, "missing_lines": [14, 19, 42, 43, 44, 45, 48, 49, 50, 51, 53, 54, 58, 61, 62, 67, 68, 69, 70, 75, 76, 77, 78, 79, 80, 81, 82, 83, 84, 85, 90, 91, 92, 93, 114, 115, 116, 117, 118, 119, 120, 121, 122, 123, 124, 125, 127, 141, 145, 146, 147, 149, 150, 151, 152, 153, 155, 156, 157, 161, 162, 163, 165, 182, 189, 193, 194, 195, 197, 198, 199, 200, 201, 203, 226, 227, 228, 229, 231, 232, 234, 235, 237, 239, 240, 241, 243, 247, 249, 251, 253, 255, 259, 277, 278, 279, 280, 281, 283, 284, 285, 286, 289, 290, 291, 292, 293, 294, 295, 296, 297, 298, 301, 302, 303, 304, 305, 306, 307, 308, 309, 310, 311, 312, 317, 333, 335, 336, 337], "excluded_lines": [], "start_line": 1}}}, "src/almasim/skymodels/utils.py": {"executed_lines": [3, 5, 6, 7, 10, 12, 13, 14, 17, 19, 30, 50, 51, 52, 55, 56, 59], "summary": {"covered_lines": 17, "num_statements": 64, "percent_covered": 26.5625, "percent_covered_display": "27", "missing_lines": 47, "excluded_lines": 0, "percent_statements_covered": 26.5625, "percent_statements_covered_display": "27"}, "missing_lines": [20, 21, 23, 24, 25, 26, 27, 54, 61, 62, 63, 64, 65, 66, 67, 68, 69, 70, 71, 72, 73, 74, 75, 76, 77, 78, 79, 80, 81, 82, 83, 84, 85, 86, 87, 88, 89, 90, 91, 92, 93, 95, 96, 97, 98, 99, 100], "excluded_lines": [], "functions": {"interpolate_array": {"executed_lines": [12, 13, 14], "summary": {"covered_lines": 3, "num_statements": 3, "percent_covered": 100.0, "percent_covered_display": "100", "missing_lines": 0, "excluded_lines": 0, "percent_statements_covered": 100.0, "percent_statements_covered_display": "100"}, "missing_lines": [], "excluded_lines": [], "start_line": 10}, "track_progress": {"executed_lines": [19], "summary": {"covered_lines": 1, "num_statements": 8, "percent_covered": 12.5, "percent_covered_display": "12", "missing_lines": 7, "excluded_lines": 0, "percent_statements_covered": 12.5, "percent_statements_covered_display": "12"}, "missing_lines": [20, 21, 23, 24, 25, 26, 27], "excluded_lines": [], "start_line": 17}, "gaussian": {"executed_lines": [50, 51, 52, 55, 56], "summary": {"covered_lines": 5, "num_statements": 6, "percent_covered": 83.33333333333333, "percent_covered_display": "83", "missing_lines": 1, "excluded_lines": 0, "percent_statements_covered": 83.33333333333333, "percent_statements_covered_display": "83"}, "missing_lines": [54], "excluded_lines": [], "start_line": 30}, "get_datacube_header": {"executed_lines": [], "summary": {"covered_lines": 0, "num_statements": 39, "percent_covered": 0.0, "percent_covered_display": "0", "missing_lines": 39, "excluded_lines": 0, "percent_statements_covered": 0.0, "percent_statements_covered_display": "0"}, "missing_lines": [61, 62, 63, 64, 65, 66, 67, 68, 69, 70, 71, 72, 73, 74, 75, 76, 77, 78, 79, 80, 81, 82, 83, 84, 85, 86, 87, 88, 89, 90, 91, 92, 93, 95, 96, 97, 98, 99, 100], "excluded_lines": [], "start_line": 59}, "": {"executed_lines": [3, 5, 6, 7, 10, 17, 30, 59], "summary": {"covered_lines": 8, "num_statements": 8, "percent_covered": 100.0, "percent_covered_display": "100", "missing_lines": 0, "excluded_lines": 0, "percent_statements_covered": 100.0, "percent_statements_covered_display": "100"}, "missing_lines": [], "excluded_lines": [], "start_line": 1}}, "classes": {"": {"executed_lines": [3, 5, 6, 7, 10, 12, 13, 14, 17, 19, 30, 50, 51, 52, 55, 56, 59], "summary": {"covered_lines": 17, "num_statements": 64, "percent_covered": 26.5625, "percent_covered_display": "27", "missing_lines": 47, "excluded_lines": 0, "percent_statements_covered": 26.5625, "percent_statements_covered_display": "27"}, "missing_lines": [20, 21, 23, 24, 25, 26, 27, 54, 61, 62, 63, 64, 65, 66, 67, 68, 69, 70, 71, 72, 73, 74, 75, 76, 77, 78, 79, 80, 81, 82, 83, 84, 85, 86, 87, 88, 89, 90, 91, 92, 93, 95, 96, 97, 98, 99, 100], "excluded_lines": [], "start_line": 1}}}}, "totals": {"covered_lines": 2725, "num_statements": 4863, "percent_covered": 56.03536911371582, "percent_covered_display": "56", "missing_lines": 2138, "excluded_lines": 21, "percent_statements_covered": 56.03536911371582, "percent_statements_covered_display": "56"}}